<?xml version="1.0" encoding="UTF-8"?>
<!-- Generated by org.testng.reporters.JUnitReportReporter -->
<testsuite skipped="0" hostname="REACH-HARDs-MBP" name="students.DeleteStudentProfilePicture" tests="1" failures="0" timestamp="2021-03-17T08:14:57 WAT" time="28.620" errors="0">
  <testcase name="testDeleteStudentProfilePicture" time="28.620" classname="students.DeleteStudentProfilePicture"/>
  <system-out/>
</testsuite> <!-- students.DeleteStudentProfilePicture -->
