<?xml version="1.0" encoding="UTF-8"?>
<!-- Generated by org.testng.reporters.JUnitReportReporter -->
<testsuite skipped="0" hostname="REACH-HARDs-MacBook-Pro.local" name="admin.AdminProfileMenuOptions" tests="1" failures="0" timestamp="2020-10-19T10:01:30 WAT" time="69.434" errors="0">
  <testcase name="testAdminProfileMenuOptions" time="69.434" classname="admin.AdminProfileMenuOptions"/>
  <system-out/>
</testsuite> <!-- admin.AdminProfileMenuOptions -->
