<?xml version="1.0" encoding="UTF-8"?>
<!-- Generated by org.testng.reporters.JUnitReportReporter -->
<testsuite skipped="0" hostname="REACH-HARDs-MBP" name="company.JobsHomepage" tests="1" failures="0" timestamp="2021-04-12T14:02:54 WAT" time="22.881" errors="0">
  <testcase name="testJobsHomepage" time="22.881" classname="company.JobsHomepage"/>
  <system-out/>
</testsuite> <!-- company.JobsHomepage -->
