<?xml version="1.0" encoding="UTF-8"?>
<!-- Generated by org.testng.reporters.JUnitReportReporter -->
<testsuite skipped="0" hostname="REACH-HARDs-MBP" name="students.StudentsLogout" tests="1" failures="0" timestamp="2021-04-12T09:59:38 WAT" time="21.066" errors="0">
  <testcase name="testLoginElements" time="21.066" classname="students.StudentsLogout"/>
  <system-out/>
</testsuite> <!-- students.StudentsLogout -->
