<?xml version="1.0" encoding="UTF-8"?>
<!-- Generated by org.testng.reporters.JUnitReportReporter -->
<testsuite skipped="0" hostname="REACH-HARDs-MacBook-Pro.local" name="laboratory.Profile" tests="1" failures="0" timestamp="2020-08-12T12:45:22 WAT" time="2.698" errors="0">
  <testcase name="testProfile" time="2.698" classname="laboratory.Profile"/>
  <system-out/>
</testsuite> <!-- laboratory.Profile -->
