<?xml version="1.0" encoding="UTF-8"?>
<!-- Generated by org.testng.reporters.JUnitReportReporter -->
<testsuite skipped="0" hostname="REACH-HARDs-MBP" name="university.UpdateUniAboutUsProfile" tests="1" failures="0" timestamp="2021-02-16T13:49:36 WAT" time="29.590" errors="0">
  <testcase name="testUpdateUniAboutUsProfile" time="29.590" classname="university.UpdateUniAboutUsProfile"/>
  <system-out/>
</testsuite> <!-- university.UpdateUniAboutUsProfile -->
