<?xml version="1.0" encoding="UTF-8"?>
<!-- Generated by org.testng.reporters.JUnitReportReporter -->
<testsuite skipped="0" hostname="REACH-HARDs-MacBook-Pro.local" name="orders.RentWithoutLogin" tests="1" failures="0" timestamp="2020-10-19T10:01:30 WAT" time="26.958" errors="0">
  <testcase name="testEmotyCart" time="26.958" classname="orders.RentWithoutLogin"/>
  <system-out/>
</testsuite> <!-- orders.RentWithoutLogin -->
