<?xml version="1.0" encoding="UTF-8"?>
<!-- Generated by org.testng.reporters.JUnitReportReporter -->
<testsuite skipped="0" hostname="REACH-HARDs-MBP" name="university.UpdateUniSocialMediaProfile" tests="1" failures="0" timestamp="2021-04-12T14:44:12 WAT" time="47.998" errors="0">
  <testcase name="testUpdateUniSocialMediaProfile" time="47.998" classname="university.UpdateUniSocialMediaProfile"/>
  <system-out/>
</testsuite> <!-- university.UpdateUniSocialMediaProfile -->
