<?xml version="1.0" encoding="UTF-8"?>
<!-- Generated by org.testng.reporters.JUnitReportReporter -->
<testsuite skipped="0" hostname="REACH-HARDs-MacBook-Pro.local" name="UserAccess.SignUpPageElements" tests="1" failures="0" timestamp="2020-10-22T08:09:09 WAT" time="17.611" errors="0">
  <testcase name="testSignUpPageElements" time="17.611" classname="UserAccess.SignUpPageElements"/>
  <system-out/>
</testsuite> <!-- UserAccess.SignUpPageElements -->
