<?xml version="1.0" encoding="UTF-8"?>
<!-- Generated by org.testng.reporters.JUnitReportReporter -->
<testsuite skipped="0" hostname="REACH-HARDs-MacBook-Pro.local" name="university.UniversityStudentsMenuDropdown" tests="1" failures="0" timestamp="2021-04-12T11:07:26 WAT" time="35.444" errors="0">
  <testcase name="testUniversityStudentsMenuDropdown" time="35.444" classname="university.UniversityStudentsMenuDropdown"/>
  <system-out/>
</testsuite> <!-- university.UniversityStudentsMenuDropdown -->
