<?xml version="1.0" encoding="UTF-8"?>
<!-- Generated by org.testng.reporters.JUnitReportReporter -->
<testsuite skipped="0" hostname="REACH-HARDs-MacBook-Pro.local" name="students.StudentChangeLanguage" tests="1" failures="0" timestamp="2021-04-14T07:32:35 WAT" time="29.354" errors="0">
  <testcase name="testStudentChangeLanguage" time="29.354" classname="students.StudentChangeLanguage"/>
  <system-out/>
</testsuite> <!-- students.StudentChangeLanguage -->
