<?xml version="1.0" encoding="UTF-8"?>
<!-- Generated by org.testng.reporters.JUnitReportReporter -->
<testsuite skipped="0" hostname="REACH-HARDs-MBP" name="university.UniSearchStudentByEverything" tests="1" failures="0" timestamp="2021-03-22T08:32:53 WAT" time="41.520" errors="0">
  <testcase name="testUniSearchStudentByEverything" time="41.520" classname="university.UniSearchStudentByEverything"/>
  <system-out/>
</testsuite> <!-- university.UniSearchStudentByEverything -->
