<?xml version="1.0" encoding="UTF-8"?>
<!-- Generated by org.testng.reporters.JUnitReportReporter -->
<testsuite skipped="0" hostname="REACH-HARDs-MacBook-Pro.local" name="UserAccess.SignUp" tests="1" failures="0" timestamp="2020-10-19T10:01:29 WAT" time="66.088" errors="0">
  <testcase name="testSignUp" time="66.088" classname="UserAccess.SignUp"/>
  <system-out/>
</testsuite> <!-- UserAccess.SignUp -->
