<?xml version="1.0" encoding="UTF-8"?>
<!-- Generated by org.testng.reporters.JUnitReportReporter -->
<testsuite skipped="0" hostname="REACH-HARDs-MBP" name="university.UniversiyProfilePAge" tests="1" failures="0" timestamp="2021-04-12T15:00:35 WAT" time="40.363" errors="0">
  <testcase name="testUniversiyProfilePAge" time="40.363" classname="university.UniversiyProfilePAge"/>
  <system-out/>
</testsuite> <!-- university.UniversiyProfilePAge -->
