<?xml version="1.0" encoding="UTF-8"?>
<!-- Generated by org.testng.reporters.JUnitReportReporter -->
<testsuite skipped="0" hostname="REACH-HARDs-MacBook-Pro.local" name="test.FilterConsultation" tests="1" failures="0" timestamp="2020-07-21T09:04:51 WAT" time="32.663" errors="0">
  <testcase name="testUpdateConsultationDetails" time="32.663" classname="test.FilterConsultation"/>
  <system-out/>
</testsuite> <!-- test.FilterConsultation -->
