<?xml version="1.0" encoding="UTF-8"?>
<!-- Generated by org.testng.reporters.JUnitReportReporter -->
<testsuite skipped="0" hostname="REACH-HARDs-MBP" name="students.StudentsJobSearchByCity" tests="1" failures="0" timestamp="2021-03-22T08:13:39 WAT" time="50.452" errors="0">
  <testcase name="testStudentsJobSearchByCity" time="50.452" classname="students.StudentsJobSearchByCity"/>
  <system-out/>
</testsuite> <!-- students.StudentsJobSearchByCity -->
