<?xml version="1.0" encoding="UTF-8"?>
<!-- Generated by org.testng.reporters.JUnitReportReporter -->
<testsuite skipped="0" hostname="REACH-HARDs-MBP" name="company.EmpSearchShortlistedByEverything" tests="1" failures="0" timestamp="2021-04-12T12:05:25 WAT" time="29.792" errors="0">
  <testcase name="testEmpSearchShortlistedByEverything" time="29.792" classname="company.EmpSearchShortlistedByEverything"/>
  <system-out/>
</testsuite> <!-- company.EmpSearchShortlistedByEverything -->
