<?xml version="1.0" encoding="UTF-8"?>
<!-- Generated by org.testng.reporters.JUnitReportReporter -->
<testsuite skipped="0" hostname="REACH-HARDs-MBP" name="company.EmpUpdateAboutUsProfile" tests="1" failures="0" timestamp="2021-04-22T10:37:59 WAT" time="54.692" errors="0">
  <testcase name="testEmpUpdateAboutUsProfile" time="54.692" classname="company.EmpUpdateAboutUsProfile"/>
  <system-out/>
</testsuite> <!-- company.EmpUpdateAboutUsProfile -->
