<?xml version="1.0" encoding="UTF-8"?>
<!-- Generated by org.testng.reporters.JUnitReportReporter -->
<testsuite skipped="0" hostname="REACH-HARDs-MBP" name="company.EmpSearchClosedJobs" tests="1" failures="0" timestamp="2021-03-16T17:59:20 WAT" time="36.009" errors="0">
  <testcase name="testEmpSearchClosedJobs" time="36.009" classname="company.EmpSearchClosedJobs"/>
  <system-out/>
</testsuite> <!-- company.EmpSearchClosedJobs -->
