<?xml version="1.0" encoding="UTF-8"?>
<!-- Generated by org.testng.reporters.JUnitReportReporter -->
<testsuite skipped="0" hostname="REACH-HARDs-MacBook-Pro.local" name="homePage.AboutUs" tests="1" failures="0" timestamp="2020-10-19T10:01:29 WAT" time="59.384" errors="0">
  <testcase name="testAboutUs" time="59.384" classname="homePage.AboutUs"/>
  <system-out/>
</testsuite> <!-- homePage.AboutUs -->
