<?xml version="1.0" encoding="UTF-8"?>
<!-- Generated by org.testng.reporters.JUnitReportReporter -->
<testsuite skipped="0" hostname="REACH-HARDs-MBP" name="company.EmpTalentMenuDropDown" tests="1" failures="0" timestamp="2021-03-17T08:01:50 WAT" time="24.497" errors="0">
  <testcase name="testEmpTalentMenuDropDown" time="24.497" classname="company.EmpTalentMenuDropDown"/>
  <system-out/>
</testsuite> <!-- company.EmpTalentMenuDropDown -->
