<?xml version="1.0" encoding="UTF-8"?>
<!-- Generated by org.testng.reporters.JUnitReportReporter -->
<testsuite skipped="0" hostname="WN-HQ-LT-DEV-42" name="flights.ResetPassword" tests="1" failures="0" timestamp="28 Jan 2020 10:54:01 GMT" time="174.401" errors="0">
  <testcase name="testUntitledTestCase" time="174.401" classname="flights.ResetPassword"/>
</testsuite> <!-- flights.ResetPassword -->
