<?xml version="1.0" encoding="UTF-8"?>
<!-- Generated by org.testng.reporters.JUnitReportReporter -->
<testsuite skipped="0" hostname="REACH-HARDs-MacBook-Pro.local" name="test.EditConsultation" tests="1" failures="0" timestamp="2020-07-22T12:22:34 WAT" time="62.492" errors="0">
  <testcase name="testNewConsultation" time="62.492" classname="test.EditConsultation"/>
  <system-out/>
</testsuite> <!-- test.EditConsultation -->
