<?xml version="1.0" encoding="UTF-8"?>
<!-- Generated by org.testng.reporters.JUnitReportReporter -->
<testsuite skipped="0" hostname="WN-HQ-LT-DEV-42" name="hotels.HotelHomepage" tests="1" failures="0" timestamp="18 Jun 2019 15:37:38 GMT" time="116.526" errors="0">
  <testcase name="testlocalflight" time="116.526" classname="hotels.HotelHomepage"/>
</testsuite> <!-- hotels.HotelHomepage -->
