<?xml version="1.0" encoding="UTF-8"?>
<!-- Generated by org.testng.reporters.JUnitReportReporter -->
<testsuite skipped="0" hostname="REACH-HARDs-MBP" name="students.StudentChangeEmail" tests="1" failures="0" timestamp="2021-04-13T09:00:57 WAT" time="27.186" errors="0">
  <testcase name="testStudentChangeEmail" time="27.186" classname="students.StudentChangeEmail"/>
  <system-out/>
</testsuite> <!-- students.StudentChangeEmail -->
