<?xml version="1.0" encoding="UTF-8"?>
<!-- Generated by org.testng.reporters.JUnitReportReporter -->
<testsuite skipped="0" hostname="REACH-HARDs-MacBook-Pro.local" name="footer.IndustrialSolutions" tests="1" failures="0" timestamp="2020-10-19T10:01:29 WAT" time="18.722" errors="0">
  <testcase name="IndustialSolutions" time="18.722" classname="footer.IndustrialSolutions"/>
  <system-out/>
</testsuite> <!-- footer.IndustrialSolutions -->
