<?xml version="1.0" encoding="UTF-8"?>
<!-- Generated by org.testng.reporters.JUnitReportReporter -->
<testsuite skipped="0" hostname="REACH-HARDs-MacBook-Pro.local" name="test.EditWaitingConsultationNotes" tests="1" failures="0" timestamp="2020-07-23T08:16:37 WAT" time="111.902" errors="0">
  <testcase name="testNewConsultation" time="111.902" classname="test.EditWaitingConsultationNotes"/>
  <system-out/>
</testsuite> <!-- test.EditWaitingConsultationNotes -->
