<?xml version="1.0" encoding="UTF-8"?>
<!-- Generated by org.testng.reporters.JUnitReportReporter -->
<testsuite skipped="0" hostname="REACH-HARDs-MBP" name="students.StudentsApplicationsPage" tests="1" failures="0" timestamp="2021-03-22T07:46:19 WAT" time="20.984" errors="0">
  <testcase name="testStudentsApplicationsPage" time="20.984" classname="students.StudentsApplicationsPage"/>
  <system-out/>
</testsuite> <!-- students.StudentsApplicationsPage -->
