<?xml version="1.0" encoding="UTF-8"?>
<!-- Generated by org.testng.reporters.JUnitReportReporter -->
<testsuite skipped="0" hostname="REACH-HARDs-MBP" name="university.EventHomepageElements" tests="1" failures="0" timestamp="2021-03-22T08:29:33 WAT" time="31.431" errors="0">
  <testcase name="testEventHomepageElements" time="31.431" classname="university.EventHomepageElements"/>
  <system-out/>
</testsuite> <!-- university.EventHomepageElements -->
