<?xml version="1.0" encoding="UTF-8"?>
<!-- Generated by org.testng.reporters.JUnitReportReporter -->
<testsuite skipped="0" hostname="REACH-HARDs-MBP" name="students.ChangeStudentProfilePicture" tests="1" failures="0" timestamp="2021-04-12T09:53:52 WAT" time="29.343" errors="0">
  <testcase name="testChangeStudentProfilePicture" time="29.343" classname="students.ChangeStudentProfilePicture"/>
  <system-out/>
</testsuite> <!-- students.ChangeStudentProfilePicture -->
