<?xml version="1.0" encoding="UTF-8"?>
<!-- Generated by org.testng.reporters.JUnitReportReporter -->
<testsuite skipped="0" hostname="REACH-HARDs-MBP" name="company.EmpTalentMenuDropDown" tests="1" failures="0" timestamp="2021-04-12T13:58:17 WAT" time="32.819" errors="0">
  <testcase name="testEmpTalentMenuDropDown" time="32.819" classname="company.EmpTalentMenuDropDown"/>
  <system-out/>
</testsuite> <!-- company.EmpTalentMenuDropDown -->
