<?xml version="1.0" encoding="UTF-8"?>
<!-- Generated by org.testng.reporters.JUnitReportReporter -->
<testsuite skipped="0" hostname="REACH-HARDs-MBP" name="students.StudentsLogout" tests="1" failures="0" timestamp="2021-03-22T08:15:25 WAT" time="25.498" errors="0">
  <testcase name="testLoginElements" time="25.498" classname="students.StudentsLogout"/>
  <system-out/>
</testsuite> <!-- students.StudentsLogout -->
