<?xml version="1.0" encoding="UTF-8"?>
<!-- Generated by org.testng.reporters.JUnitReportReporter -->
<testsuite skipped="0" hostname="REACH-HARDs-MBP" name="company.EmpSearchCandidateByUniqueID" tests="1" failures="0" timestamp="2021-04-12T15:19:35 WAT" time="55.592" errors="0">
  <testcase name="testEmpSearchCandidateByUniqueID" time="55.592" classname="company.EmpSearchCandidateByUniqueID"/>
  <system-out/>
</testsuite> <!-- company.EmpSearchCandidateByUniqueID -->
