<?xml version="1.0" encoding="UTF-8"?>
<!-- Generated by org.testng.reporters.JUnitReportReporter -->
<testsuite skipped="0" hostname="REACH-HARDs-MBP" name="students.TermsandServicePage" tests="1" failures="0" timestamp="2021-04-12T10:01:56 WAT" time="30.751" errors="0">
  <testcase name="testTermsandServicePage" time="30.751" classname="students.TermsandServicePage"/>
  <system-out/>
</testsuite> <!-- students.TermsandServicePage -->
