<?xml version="1.0" encoding="UTF-8"?>
<!-- Generated by org.testng.reporters.JUnitReportReporter -->
<testsuite skipped="0" hostname="WN-HQ-LT-DEV-42" name="smokeTests.PSSBooking" tests="1" failures="0" timestamp="05 Aug 2019 14:22:18 GMT" time="165.927" errors="0">
  <testcase name="testlocalflight" time="165.927" classname="smokeTests.PSSBooking"/>
</testsuite> <!-- smokeTests.PSSBooking -->
