<?xml version="1.0" encoding="UTF-8"?>
<!-- Generated by org.testng.reporters.JUnitReportReporter -->
<testsuite skipped="0" hostname="REACH-HARDs-MacBook-Pro.local" name="supportMenu.ServiceSupportElements" tests="1" failures="0" timestamp="2020-10-19T10:01:29 WAT" time="19.336" errors="0">
  <testcase name="testServiceSupportElements" time="19.336" classname="supportMenu.ServiceSupportElements"/>
  <system-out/>
</testsuite> <!-- supportMenu.ServiceSupportElements -->
