<?xml version="1.0" encoding="UTF-8"?>
<!-- Generated by org.testng.reporters.JUnitReportReporter -->
<testsuite skipped="0" hostname="REACH-HARDs-MacBook-Pro.local" name="test.AdminCreateNewUrgentAppt" tests="1" failures="0" timestamp="2020-07-22T15:49:34 WAT" time="38.483" errors="0">
  <testcase name="testAdminCreateNewUrgentAppt" time="38.483" classname="test.AdminCreateNewUrgentAppt"/>
  <system-out/>
</testsuite> <!-- test.AdminCreateNewUrgentAppt -->
