<?xml version="1.0" encoding="UTF-8"?>
<!-- Generated by org.testng.reporters.JUnitReportReporter -->
<testsuite skipped="0" hostname="REACH-HARDs-MBP" name="company.EmpTalentHomePage" tests="1" failures="0" timestamp="2021-03-17T08:01:50 WAT" time="31.919" errors="0">
  <testcase name="testEmpTalentHomePage" time="31.919" classname="company.EmpTalentHomePage"/>
  <system-out/>
</testsuite> <!-- company.EmpTalentHomePage -->
