<?xml version="1.0" encoding="UTF-8"?>
<!-- Generated by org.testng.reporters.JUnitReportReporter -->
<testsuite skipped="0" hostname="REACH-HARDs-MacBook-Pro.local" name="company.CloseJob" tests="1" failures="0" timestamp="2021-03-15T19:15:30 WAT" time="67.432" errors="0">
  <testcase name="testCloseJob" time="67.432" classname="company.CloseJob"/>
  <system-out/>
</testsuite> <!-- company.CloseJob -->
