<?xml version="1.0" encoding="UTF-8"?>
<!-- Generated by org.testng.reporters.JUnitReportReporter -->
<testsuite skipped="0" hostname="REACH-HARDs-MBP" name="students.SearchEvent" tests="1" failures="0" timestamp="2021-03-17T08:23:51 WAT" time="23.481" errors="0">
  <testcase name="testStudentSearchEvent" time="23.481" classname="students.SearchEvent"/>
  <system-out/>
</testsuite> <!-- students.SearchEvent -->
