<?xml version="1.0" encoding="UTF-8"?>
<!-- Generated by org.testng.reporters.JUnitReportReporter -->
<testsuite skipped="0" hostname="REACH-HARDs-MBP" name="company.EmpTalentHomePage" tests="1" failures="0" timestamp="2021-04-12T13:58:17 WAT" time="38.663" errors="0">
  <testcase name="testEmpTalentHomePage" time="38.663" classname="company.EmpTalentHomePage"/>
  <system-out/>
</testsuite> <!-- company.EmpTalentHomePage -->
