<?xml version="1.0" encoding="UTF-8"?>
<!-- Generated by org.testng.reporters.JUnitReportReporter -->
<testsuite skipped="0" hostname="REACH-HARDs-MBP" name="company.EditEmployerLocation" tests="1" failures="0" timestamp="2021-04-21T12:35:13 WAT" time="52.190" errors="0">
  <testcase name="testAddEmployerLocation" time="52.190" classname="company.EditEmployerLocation"/>
  <system-out/>
</testsuite> <!-- company.EditEmployerLocation -->
