<?xml version="1.0" encoding="UTF-8"?>
<!-- Generated by org.testng.reporters.JUnitReportReporter -->
<testsuite skipped="0" hostname="REACH-HARDs-MacBook-Pro.local" name="test.WaitingRoom" tests="1" failures="0" timestamp="2020-07-21T10:18:14 WAT" time="16.889" errors="0">
  <testcase name="testProfile" time="16.889" classname="test.WaitingRoom"/>
  <system-out/>
</testsuite> <!-- test.WaitingRoom -->
