<?xml version="1.0" encoding="UTF-8"?>
<!-- Generated by org.testng.reporters.JUnitReportReporter -->
<testsuite skipped="0" hostname="REACH-HARDs-MBP" name="students.StudentsJobSearchByTitle" tests="1" failures="0" timestamp="2021-04-12T09:58:04 WAT" time="30.042" errors="0">
  <testcase name="testStudentsJobSearchByTitle" time="30.042" classname="students.StudentsJobSearchByTitle"/>
  <system-out/>
</testsuite> <!-- students.StudentsJobSearchByTitle -->
