<?xml version="1.0" encoding="UTF-8"?>
<!-- Generated by org.testng.reporters.JUnitReportReporter -->
<testsuite skipped="0" hostname="REACH-HARDs-MacBook-Pro.local" name="pharmacy.PrescriptionDetails" tests="1" failures="0" timestamp="2020-08-14T14:22:08 WAT" time="9.655" errors="0">
  <testcase name="testOrdersHomepage" time="9.655" classname="pharmacy.PrescriptionDetails"/>
  <system-out/>
</testsuite> <!-- pharmacy.PrescriptionDetails -->
