<?xml version="1.0" encoding="UTF-8"?>
<!-- Generated by org.testng.reporters.JUnitReportReporter -->
<testsuite skipped="0" hostname="REACH-HARDs-MacBook-Pro.local" name="test.Schedule" tests="1" failures="0" timestamp="2020-07-21T10:12:36 WAT" time="7.806" errors="0">
  <testcase name="testSchedule" time="7.806" classname="test.Schedule"/>
  <system-out/>
</testsuite> <!-- test.Schedule -->
