<?xml version="1.0" encoding="UTF-8"?>
<!-- Generated by org.testng.reporters.JUnitReportReporter -->
<testsuite skipped="0" hostname="WN-HQ-LT-DEV-42" name="test.Login" tests="1" failures="0" timestamp="29 Jun 2020 12:06:37 GMT" time="217.623" errors="0">
  <testcase name="testlocalflight" time="217.623" classname="test.Login"/>
</testsuite> <!-- test.Login -->
