<?xml version="1.0" encoding="UTF-8"?>
<!-- Generated by org.testng.reporters.JUnitReportReporter -->
<testsuite skipped="0" hostname="REACH-HARDs-MacBook-Pro.local" name="test.ViewPatientDetails" tests="1" failures="0" timestamp="2020-07-21T10:16:43 WAT" time="21.981" errors="0">
  <testcase name="testViewPatientDetails" time="21.981" classname="test.ViewPatientDetails"/>
  <system-out/>
</testsuite> <!-- test.ViewPatientDetails -->
