<?xml version="1.0" encoding="UTF-8"?>
<!-- Generated by org.testng.reporters.JUnitReportReporter -->
<testsuite skipped="0" hostname="REACH-HARDs-MacBook-Pro.local" name="industriesMenu.IndustriesPageElements" tests="1" failures="0" timestamp="2020-10-19T10:01:29 WAT" time="28.713" errors="0">
  <testcase name="testIndustriesPageElements" time="28.713" classname="industriesMenu.IndustriesPageElements"/>
  <system-out/>
</testsuite> <!-- industriesMenu.IndustriesPageElements -->
