<?xml version="1.0" encoding="UTF-8"?>
<!-- Generated by org.testng.reporters.JUnitReportReporter -->
<testsuite skipped="0" hostname="WN-HQ-LT-DEV-42" name="test.NewReferConsultation" tests="1" failures="0" timestamp="13 Jul 2020 10:14:06 GMT" time="32.229" errors="0">
  <testcase name="testlocalflight" time="32.229" classname="test.NewReferConsultation"/>
</testsuite> <!-- test.NewReferConsultation -->
