<?xml version="1.0" encoding="UTF-8"?>
<!-- Generated by org.testng.reporters.JUnitReportReporter -->
<testsuite skipped="0" hostname="REACH-HARDs-MacBook-Pro.local" name="company.EmpJobsMenuDropDown" tests="1" failures="0" timestamp="2021-03-15T19:22:46 WAT" time="52.185" errors="0">
  <testcase name="testEmpJobsMenuDropDown" time="52.185" classname="company.EmpJobsMenuDropDown"/>
  <system-out/>
</testsuite> <!-- company.EmpJobsMenuDropDown -->
