<?xml version="1.0" encoding="UTF-8"?>
<!-- Generated by org.testng.reporters.JUnitReportReporter -->
<testsuite skipped="0" hostname="REACH-HARDs-MacBook-Pro.local" name="company.EmployerDashboard" tests="1" failures="0" timestamp="2021-04-12T11:44:45 WAT" time="71.071" errors="0">
  <testcase name="testEmployerDashboard" time="71.071" classname="company.EmployerDashboard"/>
  <system-out/>
</testsuite> <!-- company.EmployerDashboard -->
