<?xml version="1.0" encoding="UTF-8"?>
<!-- Generated by org.testng.reporters.JUnitReportReporter -->
<testsuite skipped="0" hostname="REACH-HARDs-MacBook-Pro.local" name="test.NewConsultation" tests="1" failures="0" timestamp="2020-07-21T09:51:01 WAT" time="34.038" errors="0">
  <testcase name="testNewConsultation" time="34.038" classname="test.NewConsultation"/>
  <system-out/>
</testsuite> <!-- test.NewConsultation -->
