<?xml version="1.0" encoding="UTF-8"?>
<!-- Generated by org.testng.reporters.JUnitReportReporter -->
<testsuite skipped="0" hostname="REACH-HARDs-MBP" name="company.EmpSearchCandidateByUniqueID" tests="1" failures="0" timestamp="2021-03-16T17:59:20 WAT" time="38.231" errors="0">
  <testcase name="testEmpSearchCandidateByUniqueID" time="38.231" classname="company.EmpSearchCandidateByUniqueID"/>
  <system-out/>
</testsuite> <!-- company.EmpSearchCandidateByUniqueID -->
