<?xml version="1.0" encoding="UTF-8"?>
<!-- Generated by org.testng.reporters.JUnitReportReporter -->
<testsuite skipped="0" hostname="REACH-HARDs-MBP" name="company.SearchOpenJobs" tests="1" failures="0" timestamp="2021-04-12T15:27:07 WAT" time="33.347" errors="0">
  <testcase name="testSearchOpenJobs" time="33.347" classname="company.SearchOpenJobs"/>
  <system-out/>
</testsuite> <!-- company.SearchOpenJobs -->
