<?xml version="1.0" encoding="UTF-8"?>
<!-- Generated by org.testng.reporters.JUnitReportReporter -->
<testsuite skipped="0" hostname="REACH-HARDs-MacBook-Pro.local" name="company.EmployerDashboardMenuDropDown" tests="1" failures="0" timestamp="2021-04-12T11:44:45 WAT" time="190.905" errors="0">
  <testcase name="testEmployerDashboardMenuDropDown" time="190.905" classname="company.EmployerDashboardMenuDropDown"/>
  <system-out/>
</testsuite> <!-- company.EmployerDashboardMenuDropDown -->
