<?xml version="1.0" encoding="UTF-8"?>
<!-- Generated by org.testng.reporters.JUnitReportReporter -->
<testsuite skipped="0" hostname="REACH-HARDs-MBP" name="company.DeleteEmployerLocation" tests="1" failures="0" timestamp="2021-04-21T12:26:48 WAT" time="45.769" errors="0">
  <testcase name="testDeleteEmployerLocation" time="45.769" classname="company.DeleteEmployerLocation"/>
  <system-out/>
</testsuite> <!-- company.DeleteEmployerLocation -->
