<?xml version="1.0" encoding="UTF-8"?>
<!-- Generated by org.testng.reporters.JUnitReportReporter -->
<testsuite skipped="0" hostname="REACH-HARDs-MacBook-Pro.local" name="laboratory.SearchOrders" tests="1" failures="0" timestamp="2020-08-06T07:32:17 WAT" time="53.979" errors="0">
  <testcase name="testSearchOrders" time="53.979" classname="laboratory.SearchOrders"/>
  <system-out/>
</testsuite> <!-- laboratory.SearchOrders -->
