<?xml version="1.0" encoding="UTF-8"?>
<!-- Generated by org.testng.reporters.JUnitReportReporter -->
<testsuite skipped="0" hostname="REACH-HARDs-MBP" name="pharmacy.PharmaChatProvider" tests="1" failures="0" timestamp="2020-08-16T17:31:40 WAT" time="12.585" errors="0">
  <testcase name="testpharmachatprovider" time="12.585" classname="pharmacy.PharmaChatProvider"/>
  <system-out/>
</testsuite> <!-- pharmacy.PharmaChatProvider -->
