<?xml version="1.0" encoding="UTF-8"?>
<!-- Generated by org.testng.reporters.JUnitReportReporter -->
<testsuite skipped="0" hostname="REACH-HARDs-MacBook-Pro.local" name="footer.OurStory" tests="1" failures="0" timestamp="2020-10-19T10:01:30 WAT" time="12.690" errors="0">
  <testcase name="testOurStory" time="12.690" classname="footer.OurStory"/>
  <system-out/>
</testsuite> <!-- footer.OurStory -->
