<?xml version="1.0" encoding="UTF-8"?>
<!-- Generated by org.testng.reporters.JUnitReportReporter -->
<testsuite skipped="0" hostname="REACH-HARDs-MBP" name="students.StudentsApplyJobNoCV" tests="1" failures="0" timestamp="2021-03-22T08:01:55 WAT" time="25.573" errors="0">
  <testcase name="testStudentsApplyJobNoCV" time="25.573" classname="students.StudentsApplyJobNoCV"/>
  <system-out/>
</testsuite> <!-- students.StudentsApplyJobNoCV -->
