<?xml version="1.0" encoding="UTF-8"?>
<!-- Generated by org.testng.reporters.JUnitReportReporter -->
<testsuite skipped="0" hostname="REACH-HARDs-MBP" name="company.EmpSearchShortlistedByEverything" tests="1" failures="0" timestamp="2021-03-17T07:55:53 WAT" time="29.266" errors="0">
  <testcase name="testEmpSearchShortlistedByEverything" time="29.266" classname="company.EmpSearchShortlistedByEverything"/>
  <system-out/>
</testsuite> <!-- company.EmpSearchShortlistedByEverything -->
