<?xml version="1.0" encoding="UTF-8"?>
<!-- Generated by org.testng.reporters.JUnitReportReporter -->
<testsuite skipped="0" hostname="REACH-HARDs-MBP" name="company.SearchEvent" tests="1" failures="0" timestamp="2021-04-12T14:04:56 WAT" time="40.186" errors="0">
  <testcase name="testStudentSearchEvent" time="40.186" classname="company.SearchEvent"/>
  <system-out/>
</testsuite> <!-- company.SearchEvent -->
