<?xml version="1.0" encoding="UTF-8"?>
<!-- Generated by org.testng.reporters.JUnitReportReporter -->
<testsuite skipped="0" hostname="REACH-HARDs-MBP" name="university.OngoingEventsDetails" tests="1" failures="0" timestamp="2021-02-22T17:18:43 WAT" time="24.720" errors="0">
  <testcase name="testSearchEvent" time="24.720" classname="university.OngoingEventsDetails"/>
  <system-out/>
</testsuite> <!-- university.OngoingEventsDetails -->
