<?xml version="1.0" encoding="UTF-8"?>
<!-- Generated by org.testng.reporters.JUnitReportReporter -->
<testsuite skipped="0" hostname="REACH-HARDs-MBP" name="students.StudentsMyProfile" tests="1" failures="0" timestamp="2021-04-12T09:59:38 WAT" time="9.354" errors="0">
  <testcase name="testLoginElements" time="9.354" classname="students.StudentsMyProfile"/>
  <system-out/>
</testsuite> <!-- students.StudentsMyProfile -->
