<?xml version="1.0" encoding="UTF-8"?>
<!-- Generated by org.testng.reporters.JUnitReportReporter -->
<testsuite skipped="0" hostname="REACH-HARDs-MacBook-Pro.local" name="company.AddEmployerLocation" tests="1" failures="0" timestamp="2021-04-05T09:18:12 WAT" time="58.467" errors="0">
  <testcase name="testAddEmployerLocation" time="58.467" classname="company.AddEmployerLocation"/>
  <system-out/>
</testsuite> <!-- company.AddEmployerLocation -->
