<?xml version="1.0" encoding="UTF-8"?>
<!-- Generated by org.testng.reporters.JUnitReportReporter -->
<testsuite skipped="0" hostname="REACH-HARDs-MacBook-Pro.local" name="students.StudentChangePassword" tests="1" failures="0" timestamp="2021-04-14T07:08:46 WAT" time="64.555" errors="0">
  <testcase name="testStudentChangePassword" time="64.555" classname="students.StudentChangePassword"/>
  <system-out/>
</testsuite> <!-- students.StudentChangePassword -->
