<?xml version="1.0" encoding="UTF-8"?>
<!-- Generated by org.testng.reporters.JUnitReportReporter -->
<testsuite skipped="0" hostname="REACH-HARDs-MBP" name="company.EmpUploadEmployerPhotos" tests="1" failures="0" timestamp="2021-03-17T08:05:14 WAT" time="30.366" errors="0">
  <testcase name="testEmpUploadEmployerPhotos" time="30.366" classname="company.EmpUploadEmployerPhotos"/>
  <system-out/>
</testsuite> <!-- company.EmpUploadEmployerPhotos -->
