<?xml version="1.0" encoding="UTF-8"?>
<!-- Generated by org.testng.reporters.JUnitReportReporter -->
<testsuite skipped="0" hostname="WN-HQ-LT-DEV-42" name="utils.utility" tests="1" failures="0" timestamp="29 Jun 2020 13:02:14 GMT" time="14.406" errors="0">
  <testcase name="utilityclass" time="14.406" classname="utils.utility"/>
</testsuite> <!-- utils.utility -->
