<?xml version="1.0" encoding="UTF-8"?>
<!-- Generated by org.testng.reporters.JUnitReportReporter -->
<testsuite skipped="0" hostname="REACH-HARDs-MBP" name="pharmacy.PharmaChangeOrderStatus" tests="1" failures="0" timestamp="2020-08-16T18:02:20 WAT" time="16.142" errors="0">
  <testcase name="testpharmachangestatus" time="16.142" classname="pharmacy.PharmaChangeOrderStatus"/>
  <system-out/>
</testsuite> <!-- pharmacy.PharmaChangeOrderStatus -->
