<?xml version="1.0" encoding="UTF-8"?>
<!-- Generated by org.testng.reporters.JUnitReportReporter -->
<testsuite skipped="0" hostname="REACH-HARDs-MBP" name="university.UniSearchStudentByID" tests="1" failures="0" timestamp="2021-03-22T08:33:39 WAT" time="37.138" errors="0">
  <testcase name="testLoginElements" time="37.138" classname="university.UniSearchStudentByID"/>
  <system-out/>
</testsuite> <!-- university.UniSearchStudentByID -->
