<?xml version="1.0" encoding="UTF-8"?>
<!-- Generated by org.testng.reporters.JUnitReportReporter -->
<testsuite skipped="0" hostname="REACH-HARDs-MBP" name="university.UpdateUniSocialMediaProfile" tests="1" failures="0" timestamp="2021-02-16T14:29:56 WAT" time="50.412" errors="0">
  <testcase name="testUpdateUniSocialMediaProfile" time="50.412" classname="university.UpdateUniSocialMediaProfile"/>
  <system-out/>
</testsuite> <!-- university.UpdateUniSocialMediaProfile -->
