<?xml version="1.0" encoding="UTF-8"?>
<!-- Generated by org.testng.reporters.JUnitReportReporter -->
<testsuite skipped="0" hostname="REACH-HARDs-MBP" name="company.AddEmployerLocation" tests="1" failures="0" timestamp="2021-04-04T07:41:11 WAT" time="39.540" errors="0">
  <testcase name="testAddEmployerLocation" time="39.540" classname="company.AddEmployerLocation"/>
  <system-out/>
</testsuite> <!-- company.AddEmployerLocation -->
