<?xml version="1.0" encoding="UTF-8"?>
<!-- Generated by org.testng.reporters.JUnitReportReporter -->
<testsuite skipped="0" hostname="REACH-HARDs-MBP" name="company.JobsHomepage" tests="1" failures="0" timestamp="2021-03-17T08:05:14 WAT" time="23.102" errors="0">
  <testcase name="testJobsHomepage" time="23.102" classname="company.JobsHomepage"/>
  <system-out/>
</testsuite> <!-- company.JobsHomepage -->
