<?xml version="1.0" encoding="UTF-8"?>
<!-- Generated by org.testng.reporters.JUnitReportReporter -->
<testsuite skipped="0" hostname="REACH-HARDs-MacBook-Pro.local" name="laboratory.TestDetails" tests="1" failures="0" timestamp="2020-08-07T12:56:08 WAT" time="16.899" errors="0">
  <testcase name="testTestDetails" time="16.899" classname="laboratory.TestDetails"/>
  <system-out/>
</testsuite> <!-- laboratory.TestDetails -->
