<?xml version="1.0" encoding="UTF-8"?>
<!-- Generated by org.testng.reporters.JUnitReportReporter -->
<testsuite skipped="0" hostname="REACH-HARDs-MacBook-Pro.local" name="orders.RemoveProductCartItem" tests="1" failures="0" timestamp="2020-10-19T11:59:54 WAT" time="214.134" errors="0">
  <testcase name="testRemoveProductCartItem" time="214.134" classname="orders.RemoveProductCartItem"/>
  <system-out/>
</testsuite> <!-- orders.RemoveProductCartItem -->
