<?xml version="1.0" encoding="UTF-8"?>
<!-- Generated by org.testng.reporters.JUnitReportReporter -->
<testsuite skipped="0" hostname="REACH-HARDs-MBP" name="UserAccess.InvalidSignup" tests="1" failures="0" timestamp="2021-02-14T20:02:49 WAT" time="23.397" errors="0">
  <testcase name="testInvalidSignup" time="23.397" classname="UserAccess.InvalidSignup"/>
  <system-out/>
</testsuite> <!-- UserAccess.InvalidSignup -->
