<?xml version="1.0" encoding="UTF-8"?>
<!-- Generated by org.testng.reporters.JUnitReportReporter -->
<testsuite skipped="0" hostname="REACH-HARDs-MBP" name="company.EmpSearchShortlistedByName" tests="1" failures="0" timestamp="2021-03-17T07:53:23 WAT" time="33.161" errors="0">
  <testcase name="testEmpSearchShortlistedByName" time="33.161" classname="company.EmpSearchShortlistedByName"/>
  <system-out/>
</testsuite> <!-- company.EmpSearchShortlistedByName -->
