<?xml version="1.0" encoding="UTF-8"?>
<!-- Generated by org.testng.reporters.JUnitReportReporter -->
<testsuite skipped="0" hostname="REACH-HARDs-MacBook-Pro.local" name="pharmacy.SearchPharmaOrders" tests="1" failures="0" timestamp="2020-08-14T12:07:03 WAT" time="54.291" errors="0">
  <testcase name="testOrdersHomepage" time="54.291" classname="pharmacy.SearchPharmaOrders"/>
  <system-out/>
</testsuite> <!-- pharmacy.SearchPharmaOrders -->
