<?xml version="1.0" encoding="UTF-8"?>
<!-- Generated by org.testng.reporters.JUnitReportReporter -->
<testsuite skipped="0" hostname="REACH-HARDs-MacBook-Pro.local" name="homePage.Subscribe" tests="1" failures="0" timestamp="2020-10-19T10:01:30 WAT" time="47.253" errors="0">
  <testcase name="testSubscribe" time="47.253" classname="homePage.Subscribe"/>
  <system-out/>
</testsuite> <!-- homePage.Subscribe -->
