<?xml version="1.0" encoding="UTF-8"?>
<!-- Generated by org.testng.reporters.JUnitReportReporter -->
<testsuite skipped="0" hostname="REACH-HARDs-MacBook-Pro.local" name="UserAccess.ForgotPassword" tests="1" failures="0" timestamp="2020-10-21T16:06:13 WAT" time="44.565" errors="0">
  <testcase name="testForgotPassword" time="44.565" classname="UserAccess.ForgotPassword"/>
  <system-out/>
</testsuite> <!-- UserAccess.ForgotPassword -->
