<?xml version="1.0" encoding="UTF-8"?>
<!-- Generated by org.testng.reporters.JUnitReportReporter -->
<testsuite skipped="0" hostname="REACH-HARDs-MacBook-Pro.local" name="homePage.HomepageElements" tests="1" failures="0" timestamp="2020-10-19T10:01:29 WAT" time="31.136" errors="0">
  <testcase name="testHomepageElements" time="31.136" classname="homePage.HomepageElements"/>
  <system-out/>
</testsuite> <!-- homePage.HomepageElements -->
