<?xml version="1.0" encoding="UTF-8"?>
<!-- Generated by org.testng.reporters.JUnitReportReporter -->
<testsuite skipped="0" hostname="REACH-HARDs-MBP" name="company.EmpSearchClosedJobs" tests="1" failures="0" timestamp="2021-04-12T12:05:25 WAT" time="28.963" errors="0">
  <testcase name="testEmpSearchClosedJobs" time="28.963" classname="company.EmpSearchClosedJobs"/>
  <system-out/>
</testsuite> <!-- company.EmpSearchClosedJobs -->
