<?xml version="1.0" encoding="UTF-8"?>
<!-- Generated by org.testng.reporters.JUnitReportReporter -->
<testsuite skipped="0" hostname="REACH-HARDs-MacBook-Pro.local" name="test.Profile" tests="1" failures="0" timestamp="2020-07-21T10:11:38 WAT" time="29.582" errors="0">
  <testcase name="testProfile" time="29.582" classname="test.Profile"/>
  <system-out/>
</testsuite> <!-- test.Profile -->
