<?xml version="1.0" encoding="UTF-8"?>
<!-- Generated by org.testng.reporters.JUnitReportReporter -->
<testsuite skipped="0" hostname="REACH-HARDs-MBP" name="company.EmployerDashboard" tests="1" failures="0" timestamp="2021-03-16T17:53:09 WAT" time="36.077" errors="0">
  <testcase name="testEmployerDashboard" time="36.077" classname="company.EmployerDashboard"/>
  <system-out/>
</testsuite> <!-- company.EmployerDashboard -->
