<?xml version="1.0" encoding="UTF-8"?>
<!-- Generated by org.testng.reporters.JUnitReportReporter -->
<testsuite skipped="0" hostname="REACH-HARDs-MBP" name="students.ViewEventDetails" tests="1" failures="0" timestamp="2021-04-12T10:01:56 WAT" time="66.636" errors="0">
  <testcase name="testViewEventDetails" time="66.636" classname="students.ViewEventDetails"/>
  <system-out/>
</testsuite> <!-- students.ViewEventDetails -->
