<?xml version="1.0" encoding="UTF-8"?>
<!-- Generated by org.testng.reporters.JUnitReportReporter -->
<testsuite skipped="0" hostname="REACH-HARDs-MBP" name="university.UniversityDashboard" tests="1" failures="0" timestamp="2021-04-12T14:36:03 WAT" time="33.352" errors="0">
  <testcase name="testUniversityDashboard" time="33.352" classname="university.UniversityDashboard"/>
  <system-out/>
</testsuite> <!-- university.UniversityDashboard -->
