<?xml version="1.0" encoding="UTF-8"?>
<!-- Generated by org.testng.reporters.JUnitReportReporter -->
<testsuite skipped="0" hostname="REACH-HARDs-MBP" name="students.StudentsApplyJob" tests="1" failures="0" timestamp="2021-04-12T09:55:33 WAT" time="35.203" errors="0">
  <testcase name="testStudentsApplyJob" time="35.203" classname="students.StudentsApplyJob"/>
  <system-out/>
</testsuite> <!-- students.StudentsApplyJob -->
