<?xml version="1.0" encoding="UTF-8"?>
<!-- Generated by org.testng.reporters.JUnitReportReporter -->
<testsuite skipped="0" hostname="REACH-HARDs-MacBook-Pro.local" name="test.Chat" tests="1" failures="0" timestamp="2020-07-21T09:02:11 WAT" time="29.706" errors="0">
  <testcase name="testChat" time="29.706" classname="test.Chat"/>
  <system-out/>
</testsuite> <!-- test.Chat -->
