<?xml version="1.0" encoding="UTF-8"?>
<!-- Generated by org.testng.reporters.JUnitReportReporter -->
<testsuite skipped="0" hostname="REACH-HARDs-MBP" name="students.StudentsJobsHomepage" tests="1" failures="0" timestamp="2021-03-22T08:14:38 WAT" time="20.646" errors="0">
  <testcase name="testStudentsJobsHomepage" time="20.646" classname="students.StudentsJobsHomepage"/>
  <system-out/>
</testsuite> <!-- students.StudentsJobsHomepage -->
