<?xml version="1.0" encoding="UTF-8"?>
<!-- Generated by org.testng.reporters.JUnitReportReporter -->
<testsuite skipped="0" hostname="WN-HQ-LT-DEV-42" name="codility.VerifyLoginPageTitle" tests="1" failures="0" timestamp="16 Sep 2019 20:36:46 GMT" time="4.341" errors="0">
  <testcase name="testlocalflight" time="4.341" classname="codility.VerifyLoginPageTitle"/>
</testsuite> <!-- codility.VerifyLoginPageTitle -->
