<?xml version="1.0" encoding="UTF-8"?>
<!-- Generated by org.testng.reporters.JUnitReportReporter -->
<testsuite skipped="0" hostname="REACH-HARDs-MBP" name="students.ChangeStudentProfilePicture" tests="1" failures="0" timestamp="2021-03-17T08:14:57 WAT" time="35.094" errors="0">
  <testcase name="testChangeStudentProfilePicture" time="35.094" classname="students.ChangeStudentProfilePicture"/>
  <system-out/>
</testsuite> <!-- students.ChangeStudentProfilePicture -->
