<?xml version="1.0" encoding="UTF-8"?>
<!-- Generated by org.testng.reporters.JUnitReportReporter -->
<testsuite skipped="0" hostname="REACH-HARDs-MacBook-Pro.local" name="provider.Profile" tests="1" failures="0" timestamp="2020-08-07T11:26:36 WAT" time="34.502" errors="0">
  <testcase name="testProfile" time="34.502" classname="provider.Profile"/>
  <system-out/>
</testsuite> <!-- provider.Profile -->
