<?xml version="1.0" encoding="UTF-8"?>
<!-- Generated by org.testng.reporters.JUnitReportReporter -->
<testsuite skipped="0" hostname="REACH-HARDs-MBP" name="students.StudentsSignUp" tests="1" failures="0" timestamp="2021-04-07T11:11:31 WAT" time="4.641" errors="0">
  <testcase name="testLoginElements" time="4.641" classname="students.StudentsSignUp"/>
  <system-out/>
</testsuite> <!-- students.StudentsSignUp -->
