<?xml version="1.0" encoding="UTF-8"?>
<!-- Generated by org.testng.reporters.JUnitReportReporter -->
<testsuite skipped="0" hostname="REACH-HARDs-MacBook-Pro.local" name="orders.EmptyCart" tests="1" failures="0" timestamp="2020-10-19T10:01:29 WAT" time="34.129" errors="0">
  <testcase name="testEmotyCart" time="34.129" classname="orders.EmptyCart"/>
  <system-out/>
</testsuite> <!-- orders.EmptyCart -->
