<?xml version="1.0" encoding="UTF-8"?>
<!-- Generated by org.testng.reporters.JUnitReportReporter -->
<testsuite skipped="0" hostname="REACH-HARDs-MBP" name="students.StudentsJobSearchByTitle" tests="1" failures="0" timestamp="2021-03-22T08:14:11 WAT" time="25.461" errors="0">
  <testcase name="testStudentsJobSearchByTitle" time="25.461" classname="students.StudentsJobSearchByTitle"/>
  <system-out/>
</testsuite> <!-- students.StudentsJobSearchByTitle -->
