<?xml version="1.0" encoding="UTF-8"?>
<!-- Generated by org.testng.reporters.JUnitReportReporter -->
<testsuite skipped="0" hostname="REACH-HARDs-MBP" name="university.EventHomepageElements" tests="1" failures="0" timestamp="2021-04-12T10:07:35 WAT" time="27.755" errors="0">
  <testcase name="testEventHomepageElements" time="27.755" classname="university.EventHomepageElements"/>
  <system-out/>
</testsuite> <!-- university.EventHomepageElements -->
