<?xml version="1.0" encoding="UTF-8"?>
<!-- Generated by org.testng.reporters.JUnitReportReporter -->
<testsuite skipped="0" hostname="REACH-HARDs-MBP" name="company.EmpSearchTalentByName" tests="1" failures="0" timestamp="2021-03-17T07:46:07 WAT" time="36.840" errors="0">
  <testcase name="testEmpSearchTalentByName" time="36.840" classname="company.EmpSearchTalentByName"/>
  <system-out/>
</testsuite> <!-- company.EmpSearchTalentByName -->
