<?xml version="1.0" encoding="UTF-8"?>
<!-- Generated by org.testng.reporters.JUnitReportReporter -->
<testsuite skipped="0" hostname="REACH-HARDs-MBP" name="students.TermsandServicePage" tests="1" failures="0" timestamp="2021-03-22T08:21:21 WAT" time="26.749" errors="0">
  <testcase name="testTermsandServicePage" time="26.749" classname="students.TermsandServicePage"/>
  <system-out/>
</testsuite> <!-- students.TermsandServicePage -->
