<?xml version="1.0" encoding="UTF-8"?>
<!-- Generated by org.testng.reporters.JUnitReportReporter -->
<testsuite skipped="0" hostname="REACH-HARDs-MacBook-Pro.local" name="homePage.BrowseRentals" tests="1" failures="0" timestamp="2020-10-19T10:01:29 WAT" time="58.563" errors="0">
  <testcase name="testBrowseRentals" time="58.563" classname="homePage.BrowseRentals"/>
  <system-out/>
</testsuite> <!-- homePage.BrowseRentals -->
