<?xml version="1.0" encoding="UTF-8"?>
<!-- Generated by org.testng.reporters.JUnitReportReporter -->
<testsuite skipped="0" hostname="REACH-HARDs-MacBook-Pro.local" name="university.UniversityAboutPage" tests="1" failures="0" timestamp="2021-04-12T11:07:26 WAT" time="117.744" errors="0">
  <testcase name="testUniversityAboutPage" time="117.744" classname="university.UniversityAboutPage"/>
  <system-out/>
</testsuite> <!-- university.UniversityAboutPage -->
