<?xml version="1.0" encoding="UTF-8"?>
<!-- Generated by org.testng.reporters.JUnitReportReporter -->
<testsuite skipped="0" hostname="REACH-HARDs-MBP" name="company.EmpSearchTalentByUniqueID" tests="1" failures="0" timestamp="2021-03-17T07:46:07 WAT" time="34.493" errors="0">
  <testcase name="testEmpSearchTalentByUniqueID" time="34.493" classname="company.EmpSearchTalentByUniqueID"/>
  <system-out/>
</testsuite> <!-- company.EmpSearchTalentByUniqueID -->
