<?xml version="1.0" encoding="UTF-8"?>
<!-- Generated by org.testng.reporters.JUnitReportReporter -->
<testsuite skipped="0" hostname="REACH-HARDs-MBP" name="university.UniSearchStudentByID" tests="1" failures="0" timestamp="2021-04-12T10:12:38 WAT" time="32.273" errors="0">
  <testcase name="testLoginElements" time="32.273" classname="university.UniSearchStudentByID"/>
  <system-out/>
</testsuite> <!-- university.UniSearchStudentByID -->
