<?xml version="1.0" encoding="UTF-8"?>
<!-- Generated by org.testng.reporters.JUnitReportReporter -->
<testsuite skipped="0" hostname="REACH-HARDs-MBP" name="university.UpdateUniSocialMediaProfile" tests="1" failures="0" timestamp="2021-04-21T10:50:22 WAT" time="53.153" errors="0">
  <testcase name="testUpdateUniSocialMediaProfile" time="53.153" classname="university.UpdateUniSocialMediaProfile"/>
  <system-out/>
</testsuite> <!-- university.UpdateUniSocialMediaProfile -->
