<?xml version="1.0" encoding="UTF-8"?>
<!-- Generated by org.testng.reporters.JUnitReportReporter -->
<testsuite skipped="0" hostname="REACH-HARDs-MacBook-Pro.local" name="test.Homepage" tests="1" failures="0" timestamp="2020-07-21T09:02:43 WAT" time="16.728" errors="0">
  <testcase name="testHomepage" time="16.728" classname="test.Homepage"/>
  <system-out/>
</testsuite> <!-- test.Homepage -->
