<?xml version="1.0" encoding="UTF-8"?>
<!-- Generated by org.testng.reporters.JUnitReportReporter -->
<testsuite skipped="0" hostname="REACH-HARDs-MBP" name="university.UniversityStudentsMenuDropdown" tests="1" failures="0" timestamp="2021-03-22T08:46:28 WAT" time="21.283" errors="0">
  <testcase name="testUniversityStudentsMenuDropdown" time="21.283" classname="university.UniversityStudentsMenuDropdown"/>
  <system-out/>
</testsuite> <!-- university.UniversityStudentsMenuDropdown -->
