<?xml version="1.0" encoding="UTF-8"?>
<!-- Generated by org.testng.reporters.JUnitReportReporter -->
<testsuite skipped="0" hostname="REACH-HARDs-MBP" name="company.ProposePosition" tests="1" failures="0" timestamp="2021-04-12T15:22:19 WAT" time="42.965" errors="0">
  <testcase name="testProposePosition" time="42.965" classname="company.ProposePosition"/>
  <system-out/>
</testsuite> <!-- company.ProposePosition -->
