<?xml version="1.0" encoding="UTF-8"?>
<!-- Generated by org.testng.reporters.JUnitReportReporter -->
<testsuite skipped="0" hostname="REACH-HARDs-MBP" name="company.SearchEvent" tests="1" failures="0" timestamp="2021-03-17T08:05:14 WAT" time="37.515" errors="0">
  <testcase name="testStudentSearchEvent" time="37.515" classname="company.SearchEvent"/>
  <system-out/>
</testsuite> <!-- company.SearchEvent -->
