<?xml version="1.0" encoding="UTF-8"?>
<!-- Generated by org.testng.reporters.JUnitReportReporter -->
<testsuite skipped="0" hostname="REACH-HARDs-MBP" name="company.EmpSearchCandidateByName" tests="1" failures="0" timestamp="2021-03-16T17:59:20 WAT" time="39.283" errors="0">
  <testcase name="testEmpSearchCandidateByName" time="39.283" classname="company.EmpSearchCandidateByName"/>
  <system-out/>
</testsuite> <!-- company.EmpSearchCandidateByName -->
