<?xml version="1.0" encoding="UTF-8"?>
<!-- Generated by org.testng.reporters.JUnitReportReporter -->
<testsuite skipped="0" hostname="REACH-HARDs-MacBook-Pro.local" name="provider.ShareFinishedConsultationNotes" tests="1" failures="0" timestamp="2020-07-27T12:04:57 WAT" time="76.513" errors="0">
  <testcase name="testNewConsultation" time="76.513" classname="provider.ShareFinishedConsultationNotes"/>
  <system-out/>
</testsuite> <!-- provider.ShareFinishedConsultationNotes -->
