<?xml version="1.0" encoding="UTF-8"?>
<!-- Generated by org.testng.reporters.JUnitReportReporter -->
<testsuite skipped="0" hostname="REACH-HARDs-MBP" name="company.EmpUploadEmployerPhotos" tests="1" failures="0" timestamp="2021-04-12T14:02:54 WAT" time="34.171" errors="0">
  <testcase name="testEmpUploadEmployerPhotos" time="34.171" classname="company.EmpUploadEmployerPhotos"/>
  <system-out/>
</testsuite> <!-- company.EmpUploadEmployerPhotos -->
