<?xml version="1.0" encoding="UTF-8"?>
<!-- Generated by org.testng.reporters.JUnitReportReporter -->
<testsuite skipped="0" hostname="REACH-HARDs-MacBook-Pro.local" name="company.EditJob" tests="1" failures="0" timestamp="2021-04-12T11:38:45 WAT" time="56.491" errors="0">
  <testcase name="testEditJob" time="56.491" classname="company.EditJob"/>
  <system-out/>
</testsuite> <!-- company.EditJob -->
