<?xml version="1.0" encoding="UTF-8"?>
<!-- Generated by org.testng.reporters.JUnitReportReporter -->
<testsuite skipped="0" hostname="REACH-HARDs-MBP" name="university.UniversityProfileMenuDropdown" tests="1" failures="0" timestamp="2021-03-22T08:45:39 WAT" time="21.431" errors="0">
  <testcase name="testUniversityProfileMenuDropdown" time="21.431" classname="university.UniversityProfileMenuDropdown"/>
  <system-out/>
</testsuite> <!-- university.UniversityProfileMenuDropdown -->
