<?xml version="1.0" encoding="UTF-8"?>
<!-- Generated by org.testng.reporters.JUnitReportReporter -->
<testsuite skipped="0" hostname="REACH-HARDs-MacBook-Pro.local" name="company.EditEmployerLocation" tests="1" failures="0" timestamp="2021-03-15T19:18:07 WAT" time="73.964" errors="0">
  <testcase name="testAddEmployerLocation" time="73.964" classname="company.EditEmployerLocation"/>
  <system-out/>
</testsuite> <!-- company.EditEmployerLocation -->
