<?xml version="1.0" encoding="UTF-8"?>
<!-- Generated by org.testng.reporters.JUnitReportReporter -->
<testsuite skipped="0" hostname="REACH-HARDs-MBP" name="company.SearchOpenJobs" tests="1" failures="0" timestamp="2021-03-17T08:05:14 WAT" time="30.043" errors="0">
  <testcase name="testSearchOpenJobs" time="30.043" classname="company.SearchOpenJobs"/>
  <system-out/>
</testsuite> <!-- company.SearchOpenJobs -->
