<?xml version="1.0" encoding="UTF-8"?>
<!-- Generated by org.testng.reporters.JUnitReportReporter -->
<testsuite skipped="0" hostname="REACH-HARDs-MBP" name="company.EmpSearchTalentByUniqueID" tests="1" failures="0" timestamp="2021-04-12T12:40:03 WAT" time="46.708" errors="0">
  <testcase name="testEmpSearchTalentByUniqueID" time="46.708" classname="company.EmpSearchTalentByUniqueID"/>
  <system-out/>
</testsuite> <!-- company.EmpSearchTalentByUniqueID -->
