<?xml version="1.0" encoding="UTF-8"?>
<!-- Generated by org.testng.reporters.JUnitReportReporter -->
<testsuite skipped="0" hostname="REACH-HARDs-MBP" name="students.StudentAboutPage" tests="1" failures="0" timestamp="2021-04-12T09:53:52 WAT" time="22.498" errors="0">
  <testcase name="testLoginElements" time="22.498" classname="students.StudentAboutPage"/>
  <system-out/>
</testsuite> <!-- students.StudentAboutPage -->
