<?xml version="1.0" encoding="UTF-8"?>
<!-- Generated by org.testng.reporters.JUnitReportReporter -->
<testsuite skipped="0" hostname="REACH-HARDs-MacBook-Pro.local" name="rentalsMenu.RentalsPageElements" tests="1" failures="0" timestamp="2020-10-19T10:01:29 WAT" time="21.352" errors="0">
  <testcase name="testRentalsPageElements" time="21.352" classname="rentalsMenu.RentalsPageElements"/>
  <system-out/>
</testsuite> <!-- rentalsMenu.RentalsPageElements -->
