<?xml version="1.0" encoding="UTF-8"?>
<!-- Generated by org.testng.reporters.JUnitReportReporter -->
<testsuite skipped="0" hostname="WN-HQ-LT-DEV-42" name="test.testr" tests="1" failures="0" timestamp="29 Jun 2020 13:16:59 GMT" time="17.885" errors="0">
  <testcase name="testlocalflight" time="17.885" classname="test.testr"/>
</testsuite> <!-- test.testr -->
