<?xml version="1.0" encoding="UTF-8"?>
<!-- Generated by org.testng.reporters.JUnitReportReporter -->
<testsuite skipped="0" hostname="REACH-HARDs-MBP" name="students.StudentsApplicationsPage" tests="1" failures="0" timestamp="2021-04-12T09:55:33 WAT" time="19.342" errors="0">
  <testcase name="testStudentsApplicationsPage" time="19.342" classname="students.StudentsApplicationsPage"/>
  <system-out/>
</testsuite> <!-- students.StudentsApplicationsPage -->
