<?xml version="1.0" encoding="UTF-8"?>
<!-- Generated by org.testng.reporters.JUnitReportReporter -->
<testsuite skipped="0" hostname="REACH-HARDs-MacBook-Pro.local" name="footer.RentalEquipments" tests="1" failures="0" timestamp="2020-10-19T10:01:29 WAT" time="19.365" errors="0">
  <testcase name="testRentalEquipments" time="19.365" classname="footer.RentalEquipments"/>
  <system-out/>
</testsuite> <!-- footer.RentalEquipments -->
