<?xml version="1.0" encoding="UTF-8"?>
<!-- Generated by org.testng.reporters.JUnitReportReporter -->
<testsuite skipped="0" hostname="WN-HQ-LT-DEV-42" name="flights.AllMarkets" tests="1" failures="0" timestamp="01 Jul 2019 08:21:15 GMT" time="25.482" errors="0">
  <testcase name="testlocalflight" time="25.482" classname="flights.AllMarkets"/>
</testsuite> <!-- flights.AllMarkets -->
