<?xml version="1.0" encoding="UTF-8"?>
<!-- Generated by org.testng.reporters.JUnitReportReporter -->
<testsuite skipped="0" hostname="REACH-HARDs-MBP" name="company.EmployerDashboardMenuDropDown" tests="1" failures="0" timestamp="2021-03-16T17:56:45 WAT" time="24.268" errors="0">
  <testcase name="testEmployerDashboardMenuDropDown" time="24.268" classname="company.EmployerDashboardMenuDropDown"/>
  <system-out/>
</testsuite> <!-- company.EmployerDashboardMenuDropDown -->
