<?xml version="1.0" encoding="UTF-8"?>
<!-- Generated by org.testng.reporters.JUnitReportReporter -->
<testsuite skipped="0" hostname="REACH-HARDs-MacBook-Pro.local" name="university.UpdateUniAboutUsProfile" tests="1" failures="0" timestamp="2021-04-12T11:15:31 WAT" time="51.015" errors="0">
  <testcase name="testUpdateUniAboutUsProfile" time="51.015" classname="university.UpdateUniAboutUsProfile"/>
  <system-out/>
</testsuite> <!-- university.UpdateUniAboutUsProfile -->
