<?xml version="1.0" encoding="UTF-8"?>
<!-- Generated by org.testng.reporters.JUnitReportReporter -->
<testsuite skipped="0" hostname="REACH-HARDs-MBP" name="students.StudentsEmptyJobDashboard" tests="1" failures="0" timestamp="2021-03-22T08:05:29 WAT" time="25.785" errors="0">
  <testcase name="testStudentsEmptyJobDashboard" time="25.785" classname="students.StudentsEmptyJobDashboard"/>
  <system-out/>
</testsuite> <!-- students.StudentsEmptyJobDashboard -->
