<?xml version="1.0" encoding="UTF-8"?>
<!-- Generated by org.testng.reporters.JUnitReportReporter -->
<testsuite skipped="0" hostname="REACH-HARDs-MacBook-Pro.local" name="provider.EditWaitingConsultationNotes" tests="1" failures="0" timestamp="2020-07-27T12:57:33 WAT" time="122.939" errors="0">
  <testcase name="testNewConsultation" time="122.939" classname="provider.EditWaitingConsultationNotes"/>
  <system-out/>
</testsuite> <!-- provider.EditWaitingConsultationNotes -->
