<?xml version="1.0" encoding="UTF-8"?>
<!-- Generated by org.testng.reporters.JUnitReportReporter -->
<testsuite skipped="0" hostname="REACH-HARDs-MBP" name="university.AddNewEvent" tests="1" failures="0" timestamp="2021-04-12T10:04:29 WAT" time="38.258" errors="0">
  <testcase name="testAddNewEvent" time="38.258" classname="university.AddNewEvent"/>
  <system-out/>
</testsuite> <!-- university.AddNewEvent -->
