<?xml version="1.0" encoding="UTF-8"?>
<!-- Generated by org.testng.reporters.JUnitReportReporter -->
<testsuite skipped="0" hostname="REACH-HARDs-MacBook-Pro.local" name="test.NewConsultation2" tests="1" failures="0" timestamp="2020-07-22T12:04:11 WAT" time="55.250" errors="0">
  <testcase name="testNewConsultation" time="55.250" classname="test.NewConsultation2"/>
  <system-out/>
</testsuite> <!-- test.NewConsultation2 -->
