<?xml version="1.0" encoding="UTF-8"?>
<!-- Generated by org.testng.reporters.JUnitReportReporter -->
<testsuite skipped="0" hostname="REACH-HARDs-MBP" name="university.UniversityDashboardMenuDropdown" tests="1" failures="0" timestamp="2021-04-12T14:35:22 WAT" time="57.119" errors="0">
  <testcase name="testUniversityDashboardMenuDropdown" time="57.119" classname="university.UniversityDashboardMenuDropdown"/>
  <system-out/>
</testsuite> <!-- university.UniversityDashboardMenuDropdown -->
