<?xml version="1.0" encoding="UTF-8"?>
<!-- Generated by org.testng.reporters.JUnitReportReporter -->
<testsuite skipped="0" hostname="REACH-HARDs-MBP" name="company.AddNewJob" tests="1" failures="0" timestamp="2021-04-04T07:44:38 WAT" time="78.207" errors="0">
  <testcase name="testAddNewJob" time="78.207" classname="company.AddNewJob"/>
  <system-out/>
</testsuite> <!-- company.AddNewJob -->
