<?xml version="1.0" encoding="UTF-8"?>
<!-- Generated by org.testng.reporters.JUnitReportReporter -->
<testsuite skipped="0" hostname="REACH-HARDs-MBP" name="company.EmpProfileDropdownMenu" tests="1" failures="0" timestamp="2021-03-16T17:59:20 WAT" time="25.819" errors="0">
  <testcase name="testEmpProfileDropdownMenu" time="25.819" classname="company.EmpProfileDropdownMenu"/>
  <system-out/>
</testsuite> <!-- company.EmpProfileDropdownMenu -->
