<?xml version="1.0" encoding="UTF-8"?>
<!-- Generated by org.testng.reporters.JUnitReportReporter -->
<testsuite skipped="0" hostname="REACH-HARDs-MBP" name="university.SearchEvent" tests="1" failures="0" timestamp="2021-03-22T08:31:37 WAT" time="64.775" errors="0">
  <testcase name="testSearchEvent" time="64.775" classname="university.SearchEvent"/>
  <system-out/>
</testsuite> <!-- university.SearchEvent -->
