<?xml version="1.0" encoding="UTF-8"?>
<!-- Generated by org.testng.reporters.JUnitReportReporter -->
<testsuite skipped="0" hostname="REACH-HARDs-MacBook-Pro.local" name="laboratory.ChatProvider" tests="1" failures="0" timestamp="2020-08-14T14:36:28 WAT" time="12.471" errors="0">
  <testcase name="testChatProvider" time="12.471" classname="laboratory.ChatProvider"/>
  <system-out/>
</testsuite> <!-- laboratory.ChatProvider -->
