<?xml version="1.0" encoding="UTF-8"?>
<!-- Generated by org.testng.reporters.JUnitReportReporter -->
<testsuite skipped="0" hostname="REACH-HARDs-MBP" name="students.StudentsJobSearchByCity" tests="1" failures="0" timestamp="2021-04-12T09:58:04 WAT" time="32.362" errors="0">
  <testcase name="testStudentsJobSearchByCity" time="32.362" classname="students.StudentsJobSearchByCity"/>
  <system-out/>
</testsuite> <!-- students.StudentsJobSearchByCity -->
