<?xml version="1.0" encoding="UTF-8"?>
<!-- Generated by org.testng.reporters.JUnitReportReporter -->
<testsuite skipped="0" hostname="REACH-HARDs-MBP" name="university.UniStudentsHomepage" tests="1" failures="0" timestamp="2021-04-12T14:26:31 WAT" time="39.359" errors="0">
  <testcase name="testLoginElements" time="39.359" classname="university.UniStudentsHomepage"/>
  <system-out/>
</testsuite> <!-- university.UniStudentsHomepage -->
