<?xml version="1.0" encoding="UTF-8"?>
<!-- Generated by org.testng.reporters.JUnitReportReporter -->
<testsuite skipped="0" hostname="REACH-HARDs-MacBook-Pro.local" name="footer.FAQs" tests="1" failures="0" timestamp="2020-10-19T10:01:29 WAT" time="15.458" errors="0">
  <testcase name="testFAQs" time="15.458" classname="footer.FAQs"/>
  <system-out/>
</testsuite> <!-- footer.FAQs -->
