<?xml version="1.0" encoding="UTF-8"?>
<!-- Generated by org.testng.reporters.JUnitReportReporter -->
<testsuite skipped="0" hostname="REACH-HARDs-MacBook-Pro.local" name="company.EditEmployerPhotos" tests="1" failures="0" timestamp="2021-04-12T11:38:45 WAT" time="181.693" errors="0">
  <testcase name="testEditEmployerPhotos" time="181.693" classname="company.EditEmployerPhotos"/>
  <system-out/>
</testsuite> <!-- company.EditEmployerPhotos -->
