<?xml version="1.0" encoding="UTF-8"?>
<!-- Generated by org.testng.reporters.JUnitReportReporter -->
<testsuite skipped="0" hostname="REACH-HARDs-MBP" name="university.ChangeUniversityName" tests="1" failures="0" timestamp="2021-04-21T11:07:24 WAT" time="39.315" errors="0">
  <testcase name="testChangeUniversityName" time="39.315" classname="university.ChangeUniversityName"/>
  <system-out/>
</testsuite> <!-- university.ChangeUniversityName -->
