<?xml version="1.0" encoding="UTF-8"?>
<!-- Generated by org.testng.reporters.JUnitReportReporter -->
<testsuite skipped="0" hostname="REACH-HARDs-MacBook-Pro.local" name="company.DeleteEmployerLocation" tests="1" failures="0" timestamp="2021-03-15T19:16:43 WAT" time="50.952" errors="0">
  <testcase name="testDeleteEmployerLocation" time="50.952" classname="company.DeleteEmployerLocation"/>
  <system-out/>
</testsuite> <!-- company.DeleteEmployerLocation -->
