<?xml version="1.0" encoding="UTF-8"?>
<!-- Generated by org.testng.reporters.JUnitReportReporter -->
<testsuite skipped="0" hostname="REACH-HARDs-MBP" name="company.EmpUpdateAboutUsProfile" tests="1" failures="0" timestamp="2021-04-12T13:58:17 WAT" time="29.491" errors="0">
  <testcase name="testEmpUpdateAboutUsProfile" time="29.491" classname="company.EmpUpdateAboutUsProfile"/>
  <system-out/>
</testsuite> <!-- company.EmpUpdateAboutUsProfile -->
