<?xml version="1.0" encoding="UTF-8"?>
<!-- Generated by org.testng.reporters.JUnitReportReporter -->
<testsuite skipped="0" hostname="REACH-HARDs-MBP" name="company.ChangeEmployerName" tests="1" failures="0" timestamp="2021-04-21T14:02:44 WAT" time="55.752" errors="0">
  <testcase name="testChangeEmployerName" time="55.752" classname="company.ChangeEmployerName"/>
  <system-out/>
</testsuite> <!-- company.ChangeEmployerName -->
