<?xml version="1.0" encoding="UTF-8"?>
<!-- Generated by org.testng.reporters.JUnitReportReporter -->
<testsuite skipped="0" hostname="REACH-HARDs-MBP" name="students.StudentMyAccount" tests="1" failures="0" timestamp="2021-04-13T08:33:28 WAT" time="26.295" errors="0">
  <testcase name="testStudentMyAccount" time="26.295" classname="students.StudentMyAccount"/>
  <system-out/>
</testsuite> <!-- students.StudentMyAccount -->
