<?xml version="1.0" encoding="UTF-8"?>
<!-- Generated by org.testng.reporters.JUnitReportReporter -->
<testsuite skipped="0" hostname="REACH-HARDs-MBP" name="university.UniSearchStudentByName" tests="1" failures="0" timestamp="2021-04-12T14:20:59 WAT" time="35.418" errors="0">
  <testcase name="testUniSearchStudentByName" time="35.418" classname="university.UniSearchStudentByName"/>
  <system-out/>
</testsuite> <!-- university.UniSearchStudentByName -->
