<?xml version="1.0" encoding="UTF-8"?>
<!-- Generated by org.testng.reporters.JUnitReportReporter -->
<testsuite skipped="0" hostname="REACH-HARDs-MBP" name="university.SearchEvent" tests="1" failures="0" timestamp="2021-04-12T10:07:35 WAT" time="83.568" errors="0">
  <testcase name="testSearchEvent" time="83.568" classname="university.SearchEvent"/>
  <system-out/>
</testsuite> <!-- university.SearchEvent -->
