<?xml version="1.0" encoding="UTF-8"?>
<!-- Generated by org.testng.reporters.JUnitReportReporter -->
<testsuite skipped="0" hostname="REACH-HARDs-MBP" name="university.OngoingEventsDetails" tests="1" failures="0" timestamp="2021-04-12T10:07:35 WAT" time="37.486" errors="0">
  <testcase name="testSearchEvent" time="37.486" classname="university.OngoingEventsDetails"/>
  <system-out/>
</testsuite> <!-- university.OngoingEventsDetails -->
