<?xml version="1.0" encoding="UTF-8"?>
<!-- Generated by org.testng.reporters.JUnitReportReporter -->
<testsuite skipped="0" hostname="REACH-HARDs-MacBook-Pro.local" name="test.Logout" tests="1" failures="0" timestamp="2020-07-21T09:15:05 WAT" time="2.693" errors="0">
  <testcase name="testLogout" time="2.693" classname="test.Logout"/>
  <system-out/>
</testsuite> <!-- test.Logout -->
