<?xml version="1.0" encoding="UTF-8"?>
<!-- Generated by org.testng.reporters.JUnitReportReporter -->
<testsuite skipped="0" hostname="REACH-HARDs-MBP" name="students.StudentChangePersonalInfo" tests="1" failures="0" timestamp="2021-04-13T08:45:11 WAT" time="27.210" errors="0">
  <testcase name="testStudentChangePersonalInfo" time="27.210" classname="students.StudentChangePersonalInfo"/>
  <system-out/>
</testsuite> <!-- students.StudentChangePersonalInfo -->
