<?xml version="1.0" encoding="UTF-8"?>
<!-- Generated by org.testng.reporters.JUnitReportReporter -->
<testsuite skipped="0" hostname="REACH-HARDs-MBP" name="students.StudentsEmptyJobDashboard" tests="1" failures="0" timestamp="2021-04-12T09:56:08 WAT" time="21.433" errors="0">
  <testcase name="testStudentsEmptyJobDashboard" time="21.433" classname="students.StudentsEmptyJobDashboard"/>
  <system-out/>
</testsuite> <!-- students.StudentsEmptyJobDashboard -->
