<?xml version="1.0" encoding="UTF-8"?>
<!-- Generated by org.testng.reporters.JUnitReportReporter -->
<testsuite skipped="0" hostname="REACH-HARDs-MacBook-Pro.local" name="company.EditEmployerPhotos" tests="1" failures="0" timestamp="2021-03-15T19:19:15 WAT" time="50.978" errors="0">
  <testcase name="testEditEmployerPhotos" time="50.978" classname="company.EditEmployerPhotos"/>
  <system-out/>
</testsuite> <!-- company.EditEmployerPhotos -->
