<?xml version="1.0" encoding="UTF-8"?>
<!-- Generated by org.testng.reporters.JUnitReportReporter -->
<testsuite skipped="0" hostname="REACH-HARDs-MBP" name="university.UniversityDashboard" tests="1" failures="0" timestamp="2021-03-22T08:44:38 WAT" time="28.587" errors="0">
  <testcase name="testUniversityDashboard" time="28.587" classname="university.UniversityDashboard"/>
  <system-out/>
</testsuite> <!-- university.UniversityDashboard -->
