<?xml version="1.0" encoding="UTF-8"?>
<!-- Generated by org.testng.reporters.JUnitReportReporter -->
<testsuite skipped="0" hostname="REACH-HARDs-MBP" name="company.ChangeEmployerLogo" tests="1" failures="0" timestamp="2021-04-04T07:41:10 WAT" time="36.102" errors="0">
  <testcase name="testChangeEmployerLogo" time="36.102" classname="company.ChangeEmployerLogo"/>
  <system-out/>
</testsuite> <!-- company.ChangeEmployerLogo -->
