<?xml version="1.0" encoding="UTF-8"?>
<!-- Generated by org.testng.reporters.JUnitReportReporter -->
<testsuite skipped="0" hostname="REACH-HARDs-MacBook-Pro.local" name="test.InvalidLogin" tests="1" failures="0" timestamp="2020-07-21T09:12:00 WAT" time="14.429" errors="0">
  <testcase name="testInvalidLogin" time="14.429" classname="test.InvalidLogin"/>
  <system-out/>
</testsuite> <!-- test.InvalidLogin -->
