<?xml version="1.0" encoding="UTF-8"?>
<!-- Generated by org.testng.reporters.JUnitReportReporter -->
<testsuite skipped="0" hostname="WN-HQ-LT-DEV-42" name="flights.USCanadaFlight" tests="1" failures="0" timestamp="16 Sep 2019 07:46:36 GMT" time="104.608" errors="0">
  <testcase name="testlocalflight" time="104.608" classname="flights.USCanadaFlight"/>
</testsuite> <!-- flights.USCanadaFlight -->
