<?xml version="1.0" encoding="UTF-8"?>
<!-- Generated by org.testng.reporters.JUnitReportReporter -->
<testsuite skipped="0" hostname="REACH-HARDs-MBP" name="pharmacy.Messages" tests="1" failures="0" timestamp="2020-08-16T17:09:09 WAT" time="2.678" errors="0">
  <testcase name="testMessages" time="2.678" classname="pharmacy.Messages"/>
  <system-out/>
</testsuite> <!-- pharmacy.Messages -->
