<?xml version="1.0" encoding="UTF-8"?>
<!-- Generated by org.testng.reporters.JUnitReportReporter -->
<testsuite skipped="0" hostname="REACH-HARDs-MacBook-Pro.local" name="UserAccess.SignUpExistingEmail" tests="1" failures="0" timestamp="2020-10-19T10:01:29 WAT" time="50.884" errors="0">
  <testcase name="testSignUpElements" time="50.884" classname="UserAccess.SignUpExistingEmail"/>
  <system-out/>
</testsuite> <!-- UserAccess.SignUpExistingEmail -->
