<?xml version="1.0" encoding="UTF-8"?>
<!-- Generated by org.testng.reporters.JUnitReportReporter -->
<testsuite skipped="0" hostname="WN-HQ-LT-DEV-42" name="flights.NoPSSPriceOption" tests="1" failures="0" timestamp="17 Jun 2019 08:58:12 GMT" time="68.051" errors="0">
  <testcase name="testUntitledTestCase" time="68.051" classname="flights.NoPSSPriceOption"/>
</testsuite> <!-- flights.NoPSSPriceOption -->
