<?xml version="1.0" encoding="UTF-8"?>
<!-- Generated by org.testng.reporters.JUnitReportReporter -->
<testsuite skipped="0" hostname="REACH-HARDs-MBP" name="students.StudentsJobsHomepage" tests="1" failures="0" timestamp="2021-04-12T09:59:38 WAT" time="22.417" errors="0">
  <testcase name="testStudentsJobsHomepage" time="22.417" classname="students.StudentsJobsHomepage"/>
  <system-out/>
</testsuite> <!-- students.StudentsJobsHomepage -->
