<?xml version="1.0" encoding="UTF-8"?>
<!-- Generated by org.testng.reporters.JUnitReportReporter -->
<testsuite skipped="0" hostname="REACH-HARDs-MacBook-Pro.local" name="company.DeleteEmployerLocation" tests="1" failures="0" timestamp="2021-04-12T11:38:45 WAT" time="84.581" errors="0">
  <testcase name="testDeleteEmployerLocation" time="84.581" classname="company.DeleteEmployerLocation"/>
  <system-out/>
</testsuite> <!-- company.DeleteEmployerLocation -->
