<?xml version="1.0" encoding="UTF-8"?>
<!-- Generated by org.testng.reporters.JUnitReportReporter -->
<testsuite skipped="0" hostname="REACH-HARDs-MBP" name="company.EditEmployerPhotos" tests="1" failures="0" timestamp="2021-04-21T13:19:03 WAT" time="39.023" errors="0">
  <testcase name="testEditEmployerPhotos" time="39.023" classname="company.EditEmployerPhotos"/>
  <system-out/>
</testsuite> <!-- company.EditEmployerPhotos -->
