<?xml version="1.0" encoding="UTF-8"?>
<!-- Generated by org.testng.reporters.JUnitReportReporter -->
<testsuite skipped="0" hostname="REACH-HARDs-MBP" name="company.EmpUpdateSocialMediaProfile" tests="1" failures="0" timestamp="2021-04-12T14:02:54 WAT" time="40.591" errors="0">
  <testcase name="testEmpUpdateSocialMediaProfile" time="40.591" classname="company.EmpUpdateSocialMediaProfile"/>
  <system-out/>
</testsuite> <!-- company.EmpUpdateSocialMediaProfile -->
