<?xml version="1.0" encoding="UTF-8"?>
<!-- Generated by org.testng.reporters.JUnitReportReporter -->
<testsuite skipped="0" hostname="REACH-HARDs-MBP" name="company.ChangeEmployerLogo" tests="1" failures="0" timestamp="2021-04-21T12:10:04 WAT" time="46.879" errors="0">
  <testcase name="testChangeEmployerLogo" time="46.879" classname="company.ChangeEmployerLogo"/>
  <system-out/>
</testsuite> <!-- company.ChangeEmployerLogo -->
