<?xml version="1.0" encoding="UTF-8"?>
<!-- Generated by org.testng.reporters.JUnitReportReporter -->
<testsuite skipped="0" hostname="REACH-HARDs-MacBook-Pro.local" name="company.CloseJob" tests="1" failures="0" timestamp="2021-04-12T11:27:34 WAT" time="74.906" errors="0">
  <testcase name="testCloseJob" time="74.906" classname="company.CloseJob"/>
  <system-out/>
</testsuite> <!-- company.CloseJob -->
