<?xml version="1.0" encoding="UTF-8"?>
<!-- Generated by org.testng.reporters.JUnitReportReporter -->
<testsuite skipped="0" hostname="REACH-HARDs-MBP" name="university.UpdateUniAboutUsProfile" tests="1" failures="0" timestamp="2021-04-21T11:20:39 WAT" time="61.040" errors="0">
  <testcase name="testUpdateUniAboutUsProfile" time="61.040" classname="university.UpdateUniAboutUsProfile"/>
  <system-out/>
</testsuite> <!-- university.UpdateUniAboutUsProfile -->
