<?xml version="1.0" encoding="UTF-8"?>
<!-- Generated by org.testng.reporters.JUnitReportReporter -->
<testsuite skipped="0" hostname="REACH-HARDs-MacBook-Pro.local" name="admin.AdminPageElements" tests="1" failures="0" timestamp="2020-10-19T10:01:29 WAT" time="99.432" errors="0">
  <testcase name="testAdminAdminPageElements" time="99.432" classname="admin.AdminPageElements"/>
  <system-out/>
</testsuite> <!-- admin.AdminPageElements -->
