<?xml version="1.0" encoding="UTF-8"?>
<!-- Generated by org.testng.reporters.JUnitReportReporter -->
<testsuite skipped="0" hostname="REACH-HARDs-MacBook-Pro.local" name="homePage.RentalEquipments" tests="1" failures="0" timestamp="2020-10-06T11:06:53 WAT" time="2.762" errors="0">
  <testcase name="testRentalEquipments" time="2.762" classname="homePage.RentalEquipments"/>
  <system-out/>
</testsuite> <!-- homePage.RentalEquipments -->
