<?xml version="1.0" encoding="UTF-8"?>
<!-- Generated by org.testng.reporters.JUnitReportReporter -->
<testsuite skipped="0" hostname="REACH-HARDs-MacBook-Pro.local" name="homePage.ValidProductSearch" tests="1" failures="0" timestamp="2020-10-19T10:01:30 WAT" time="71.743" errors="0">
  <testcase name="testValidProductSearch" time="71.743" classname="homePage.ValidProductSearch"/>
  <system-out/>
</testsuite> <!-- homePage.ValidProductSearch -->
