<?xml version="1.0" encoding="UTF-8"?>
<!-- Generated by org.testng.reporters.JUnitReportReporter -->
<testsuite skipped="0" hostname="REACH-HARDs-MacBook-Pro.local" name="admin.Requests" tests="1" failures="0" timestamp="2020-10-19T10:01:30 WAT" time="85.005" errors="0">
  <testcase name="testAdminLoginUtility" time="85.005" classname="admin.Requests"/>
  <system-out/>
</testsuite> <!-- admin.Requests -->
