<?xml version="1.0" encoding="UTF-8"?>
<!-- Generated by org.testng.reporters.JUnitReportReporter -->
<testsuite skipped="0" hostname="REACH-HARDs-MacBook-Pro.local" name="university.AddNewEvent" tests="1" failures="0" timestamp="2021-04-05T09:25:06 WAT" time="180.169" errors="0">
  <testcase name="testAddNewEvent" time="180.169" classname="university.AddNewEvent"/>
  <system-out/>
</testsuite> <!-- university.AddNewEvent -->
