<?xml version="1.0" encoding="UTF-8"?>
<!-- Generated by org.testng.reporters.JUnitReportReporter -->
<testsuite skipped="0" hostname="REACH-HARDs-MBP" name="company.EmpUpdateSocialMediaProfile" tests="1" failures="0" timestamp="2021-03-17T08:01:50 WAT" time="32.529" errors="0">
  <testcase name="testEmpUpdateSocialMediaProfile" time="32.529" classname="company.EmpUpdateSocialMediaProfile"/>
  <system-out/>
</testsuite> <!-- company.EmpUpdateSocialMediaProfile -->
