<?xml version="1.0" encoding="UTF-8"?>
<!-- Generated by org.testng.reporters.JUnitReportReporter -->
<testsuite skipped="0" hostname="REACH-HARDs-MBP" name="students.StudentsMyProfile" tests="1" failures="0" timestamp="2021-03-22T08:15:44 WAT" time="10.161" errors="0">
  <testcase name="testLoginElements" time="10.161" classname="students.StudentsMyProfile"/>
  <system-out/>
</testsuite> <!-- students.StudentsMyProfile -->
