<?xml version="1.0" encoding="UTF-8"?>
<!-- Generated by org.testng.reporters.JUnitReportReporter -->
<testsuite skipped="0" hostname="REACH-HARDs-MacBook-Pro.local" name="orders.UpdateCartQuantity" tests="1" failures="0" timestamp="2020-10-19T10:01:29 WAT" time="142.717" errors="0">
  <testcase name="testUpdateCartQuantity" time="142.717" classname="orders.UpdateCartQuantity"/>
  <system-out/>
</testsuite> <!-- orders.UpdateCartQuantity -->
