<?xml version="1.0" encoding="UTF-8"?>
<!-- Generated by org.testng.reporters.JUnitReportReporter -->
<testsuite skipped="0" hostname="REACH-HARDs-MacBook-Pro.local" name="test.EditFinishedConsultationNotes" tests="1" failures="0" timestamp="2020-07-23T08:40:49 WAT" time="72.476" errors="0">
  <testcase name="testNewConsultation" time="72.476" classname="test.EditFinishedConsultationNotes"/>
  <system-out/>
</testsuite> <!-- test.EditFinishedConsultationNotes -->
