<?xml version="1.0" encoding="UTF-8"?>
<!-- Generated by org.testng.reporters.JUnitReportReporter -->
<testsuite skipped="0" hostname="REACH-HARDs-MacBook-Pro.local" name="UserAccess.SignIn" tests="1" failures="0" timestamp="2020-10-19T11:28:14 WAT" time="38.754" errors="0">
  <testcase name="Loginutilityclass" time="38.754" classname="UserAccess.SignIn"/>
  <system-out/>
</testsuite> <!-- UserAccess.SignIn -->
