<?xml version="1.0" encoding="UTF-8"?>
<!-- Generated by org.testng.reporters.JUnitReportReporter -->
<testsuite skipped="0" hostname="REACH-HARDs-MBP" name="students.SearchEvent" tests="1" failures="0" timestamp="2021-04-12T09:53:52 WAT" time="26.469" errors="0">
  <testcase name="testStudentSearchEvent" time="26.469" classname="students.SearchEvent"/>
  <system-out/>
</testsuite> <!-- students.SearchEvent -->
