<?xml version="1.0" encoding="UTF-8"?>
<!-- Generated by org.testng.reporters.JUnitReportReporter -->
<testsuite skipped="0" hostname="REACH-HARDs-MacBook-Pro.local" name="homePage.BrowseEquipments" tests="1" failures="0" timestamp="2020-10-19T10:01:29 WAT" time="16.845" errors="0">
  <testcase name="testBrowseEquipments" time="16.845" classname="homePage.BrowseEquipments"/>
  <system-out/>
</testsuite> <!-- homePage.BrowseEquipments -->
