<?xml version="1.0" encoding="UTF-8"?>
<!-- Generated by org.testng.reporters.JUnitReportReporter -->
<testsuite skipped="0" hostname="REACH-HARDs-MacBook-Pro.local" name="company.EditEmployerLocation" tests="1" failures="0" timestamp="2021-04-12T11:38:45 WAT" time="206.978" errors="0">
  <testcase name="testAddEmployerLocation" time="206.978" classname="company.EditEmployerLocation"/>
  <system-out/>
</testsuite> <!-- company.EditEmployerLocation -->
