<?xml version="1.0" encoding="UTF-8"?>
<!-- Generated by org.testng.reporters.JUnitReportReporter -->
<testsuite skipped="0" hostname="WN-HQ-LT-DEV-42" name="test.FinsihedConsultationDetails" tests="1" failures="0" timestamp="14 Jul 2020 04:59:29 GMT" time="31.068" errors="0">
  <testcase name="testlocalflight" time="31.068" classname="test.FinsihedConsultationDetails"/>
</testsuite> <!-- test.FinsihedConsultationDetails -->
