<?xml version="1.0" encoding="UTF-8"?>
<!-- Generated by org.testng.reporters.JUnitReportReporter -->
<testsuite skipped="0" hostname="REACH-HARDs-MBP" name="company.EmpShortlistPosition" tests="1" failures="0" timestamp="2021-04-12T15:23:11 WAT" time="31.526" errors="0">
  <testcase name="testEmpShortlistPosition" time="31.526" classname="company.EmpShortlistPosition"/>
  <system-out/>
</testsuite> <!-- company.EmpShortlistPosition -->
