<?xml version="1.0" encoding="UTF-8"?>
<!-- Generated by org.testng.reporters.JUnitReportReporter -->
<testsuite skipped="0" hostname="REACH-HARDs-MacBook-Pro.local" name="UserAccess.Logout" tests="1" failures="0" timestamp="2020-10-19T10:01:30 WAT" time="32.197" errors="0">
  <testcase name="testLogout" time="32.197" classname="UserAccess.Logout"/>
  <system-out/>
</testsuite> <!-- UserAccess.Logout -->
