<?xml version="1.0" encoding="UTF-8"?>
<!-- Generated by org.testng.reporters.JUnitReportReporter -->
<testsuite skipped="0" hostname="REACH-HARDs-MacBook-Pro.local" name="orders.AddProductCart" tests="1" failures="0" timestamp="2020-10-19T10:01:29 WAT" time="73.619" errors="0">
  <testcase name="testAddProductCart" time="73.619" classname="orders.AddProductCart"/>
  <system-out/>
</testsuite> <!-- orders.AddProductCart -->
