<?xml version="1.0" encoding="UTF-8"?>
<!-- Generated by org.testng.reporters.JUnitReportReporter -->
<testsuite skipped="0" hostname="REACH-HARDs-MBP" name="university.UniSearchStudentByName" tests="1" failures="0" timestamp="2021-03-22T08:36:11 WAT" time="34.634" errors="0">
  <testcase name="testUniSearchStudentByName" time="34.634" classname="university.UniSearchStudentByName"/>
  <system-out/>
</testsuite> <!-- university.UniSearchStudentByName -->
