<?xml version="1.0" encoding="UTF-8"?>
<!-- Generated by org.testng.reporters.JUnitReportReporter -->
<testsuite skipped="0" hostname="REACH-HARDs-MacBook-Pro.local" name="company.EditJob" tests="1" failures="0" timestamp="2021-03-15T19:20:31 WAT" time="65.317" errors="0">
  <testcase name="testEditJob" time="65.317" classname="company.EditJob"/>
  <system-out/>
</testsuite> <!-- company.EditJob -->
