<?xml version="1.0" encoding="UTF-8"?>
<!-- Generated by org.testng.reporters.JUnitReportReporter -->
<testsuite skipped="0" hostname="REACH-HARDs-MBP" name="students.DeleteStudentProfilePicture" tests="1" failures="0" timestamp="2021-04-12T09:53:52 WAT" time="29.560" errors="0">
  <testcase name="testDeleteStudentProfilePicture" time="29.560" classname="students.DeleteStudentProfilePicture"/>
  <system-out/>
</testsuite> <!-- students.DeleteStudentProfilePicture -->
