<?xml version="1.0" encoding="UTF-8"?>
<!-- Generated by org.testng.reporters.JUnitReportReporter -->
<testsuite skipped="0" hostname="REACH-HARDs-MacBook-Pro.local" name="companyMenu.CompanyMenuPageElements" tests="1" failures="0" timestamp="2020-10-19T10:01:30 WAT" time="50.147" errors="0">
  <testcase name="testCompanyMenuPageElements" time="50.147" classname="companyMenu.CompanyMenuPageElements"/>
  <system-out/>
</testsuite> <!-- companyMenu.CompanyMenuPageElements -->
