<?xml version="1.0" encoding="UTF-8"?>
<!-- Generated by org.testng.reporters.JUnitReportReporter -->
<testsuite skipped="0" hostname="REACH-HARDs-MacBook-Pro.local" name="pharmacy.PharmaFilterOrders" tests="1" failures="0" timestamp="2020-08-14T15:13:19 WAT" time="484.996" errors="0">
  <testcase name="testpharmaFilterOrders" time="484.996" classname="pharmacy.PharmaFilterOrders"/>
  <system-out/>
</testsuite> <!-- pharmacy.PharmaFilterOrders -->
