<?xml version="1.0" encoding="UTF-8"?>
<!-- Generated by org.testng.reporters.JUnitReportReporter -->
<testsuite skipped="0" hostname="REACH-HARDs-MBP" name="university.ChangeUniversityLogo" tests="1" failures="0" timestamp="2021-04-21T10:15:44 WAT" time="29.428" errors="0">
  <testcase name="testChangeUniversityLogo" time="29.428" classname="university.ChangeUniversityLogo"/>
  <system-out/>
</testsuite> <!-- university.ChangeUniversityLogo -->
