<?xml version="1.0" encoding="UTF-8"?>
<!-- Generated by org.testng.reporters.JUnitReportReporter -->
<testsuite skipped="0" hostname="REACH-HARDs-MacBook-Pro.local" name="homePage.InvalidProductSearch" tests="1" failures="0" timestamp="2020-10-19T10:01:29 WAT" time="13.454" errors="0">
  <testcase name="testInvalidProductSearch" time="13.454" classname="homePage.InvalidProductSearch"/>
  <system-out/>
</testsuite> <!-- homePage.InvalidProductSearch -->
