<?xml version="1.0" encoding="UTF-8"?>
<!-- Generated by org.testng.reporters.JUnitReportReporter -->
<testsuite skipped="0" hostname="REACH-HARDs-MBP" name="company.EmpSearchTalentByEverything" tests="1" failures="0" timestamp="2021-03-17T07:46:07 WAT" time="29.715" errors="0">
  <testcase name="testEmpSearchTalentByEverything" time="29.715" classname="company.EmpSearchTalentByEverything"/>
  <system-out/>
</testsuite> <!-- company.EmpSearchTalentByEverything -->
