<?xml version="1.0" encoding="UTF-8"?>
<!-- Generated by org.testng.reporters.JUnitReportReporter -->
<testsuite skipped="0" hostname="REACH-HARDs-MacBook-Pro.local" name="homePage.Enquiry" tests="1" failures="0" timestamp="2020-10-19T10:01:29 WAT" time="14.603" errors="0">
  <testcase name="testEnquiry" time="14.603" classname="homePage.Enquiry"/>
  <system-out/>
</testsuite> <!-- homePage.Enquiry -->
