<?xml version="1.0" encoding="UTF-8"?>
<!-- Generated by org.testng.reporters.JUnitReportReporter -->
<testsuite skipped="0" hostname="REACH-HARDs-MacBook-Pro.local" name="admin.Equipments" tests="1" failures="0" timestamp="2020-10-19T10:01:29 WAT" time="32.288" errors="0">
  <testcase name="testEquipments" time="32.288" classname="admin.Equipments"/>
  <system-out/>
</testsuite> <!-- admin.Equipments -->
