<?xml version="1.0" encoding="UTF-8"?>
<!-- Generated by org.testng.reporters.JUnitReportReporter -->
<testsuite skipped="0" hostname="REACH-HARDs-MBP" name="students.StudentsInvalidJobSearch" tests="1" failures="0" timestamp="2021-04-12T09:58:04 WAT" time="37.832" errors="0">
  <testcase name="testStudentsInvalidJobSearch" time="37.832" classname="students.StudentsInvalidJobSearch"/>
  <system-out/>
</testsuite> <!-- students.StudentsInvalidJobSearch -->
