<?xml version="1.0" encoding="UTF-8"?>
<!-- Generated by org.testng.reporters.JUnitReportReporter -->
<testsuite skipped="0" hostname="REACH-HARDs-MacBook-Pro.local" name="company.EmpJobsMenuDropDown" tests="1" failures="0" timestamp="2021-04-12T11:44:45 WAT" time="40.117" errors="0">
  <testcase name="testEmpJobsMenuDropDown" time="40.117" classname="company.EmpJobsMenuDropDown"/>
  <system-out/>
</testsuite> <!-- company.EmpJobsMenuDropDown -->
