<?xml version="1.0" encoding="UTF-8"?>
<!-- Generated by org.testng.reporters.JUnitReportReporter -->
<testsuite skipped="0" hostname="REACH-HARDs-MBP" name="university.AddNewEvent" tests="1" failures="0" timestamp="2021-03-22T08:23:41 WAT" time="40.295" errors="0">
  <testcase name="testAddNewEvent" time="40.295" classname="university.AddNewEvent"/>
  <system-out/>
</testsuite> <!-- university.AddNewEvent -->
