<?xml version="1.0" encoding="UTF-8"?>
<!-- Generated by org.testng.reporters.JUnitReportReporter -->
<testsuite skipped="0" hostname="REACH-HARDs-MacBook-Pro.local" name="homePage.CancelProductSearch" tests="1" failures="0" timestamp="2020-10-19T10:01:29 WAT" time="18.647" errors="0">
  <testcase name="testCancelProductSearch" time="18.647" classname="homePage.CancelProductSearch"/>
  <system-out/>
</testsuite> <!-- homePage.CancelProductSearch -->
