<?xml version="1.0" encoding="UTF-8"?>
<!-- Generated by org.testng.reporters.JUnitReportReporter -->
<testsuite skipped="0" hostname="REACH-HARDs-MBP" name="university.EditEvent" tests="1" failures="0" timestamp="2021-03-22T08:28:34 WAT" time="43.189" errors="0">
  <testcase name="testEditEvent" time="43.189" classname="university.EditEvent"/>
  <system-out/>
</testsuite> <!-- university.EditEvent -->
