<?xml version="1.0" encoding="UTF-8"?>
<!-- Generated by org.testng.reporters.JUnitReportReporter -->
<testsuite skipped="0" hostname="REACH-HARDs-MBP" name="university.ChangeUniversityLogo" tests="1" failures="0" timestamp="2021-03-22T08:25:53 WAT" time="32.325" errors="0">
  <testcase name="testChangeUniversityLogo" time="32.325" classname="university.ChangeUniversityLogo"/>
  <system-out/>
</testsuite> <!-- university.ChangeUniversityLogo -->
