<?xml version="1.0" encoding="UTF-8"?>
<!-- Generated by org.testng.reporters.JUnitReportReporter -->
<testsuite skipped="0" hostname="REACH-HARDs-MBP" name="students.StudentViewJobApplicationDetails" tests="1" failures="0" timestamp="2021-04-12T10:01:56 WAT" time="23.524" errors="0">
  <testcase name="testStudentViewJobApplicationDetails" time="23.524" classname="students.StudentViewJobApplicationDetails"/>
  <system-out/>
</testsuite> <!-- students.StudentViewJobApplicationDetails -->
