<?xml version="1.0" encoding="UTF-8"?>
<!-- Generated by org.testng.reporters.JUnitReportReporter -->
<testsuite skipped="0" hostname="REACH-HARDs-MacBook-Pro.local" name="homePage.OurStory" tests="1" failures="0" timestamp="2020-10-06T11:02:44 WAT" time="1.796" errors="0">
  <testcase name="testOurStory" time="1.796" classname="homePage.OurStory"/>
  <system-out/>
</testsuite> <!-- homePage.OurStory -->
