<?xml version="1.0" encoding="UTF-8"?>
<!-- Generated by org.testng.reporters.JUnitReportReporter -->
<testsuite skipped="0" hostname="REACH-HARDs-MBP" name="university.UniversityAboutPage" tests="1" failures="0" timestamp="2021-03-22T08:43:48 WAT" time="45.826" errors="0">
  <testcase name="testUniversityAboutPage" time="45.826" classname="university.UniversityAboutPage"/>
  <system-out/>
</testsuite> <!-- university.UniversityAboutPage -->
