<?xml version="1.0" encoding="UTF-8"?>
<!-- Generated by org.testng.reporters.JUnitReportReporter -->
<testsuite skipped="0" hostname="REACH-HARDs-MBP" name="company.EmpUpdateAboutUsProfile" tests="1" failures="0" timestamp="2021-03-17T08:01:50 WAT" time="26.498" errors="0">
  <testcase name="testEmpUpdateAboutUsProfile" time="26.498" classname="company.EmpUpdateAboutUsProfile"/>
  <system-out/>
</testsuite> <!-- company.EmpUpdateAboutUsProfile -->
