<?xml version="1.0" encoding="UTF-8"?>
<!-- Generated by org.testng.reporters.JUnitReportReporter -->
<testsuite skipped="0" hostname="REACH-HARDs-MBP" name="university.UniViewStudentProfie" tests="1" failures="0" timestamp="2021-04-12T15:02:03 WAT" time="44.209" errors="0">
  <testcase name="testUniViewStudentProfie" time="44.209" classname="university.UniViewStudentProfie"/>
  <system-out/>
</testsuite> <!-- university.UniViewStudentProfie -->
