<?xml version="1.0" encoding="UTF-8"?>
<!-- Generated by org.testng.reporters.JUnitReportReporter -->
<testsuite skipped="0" hostname="REACH-HARDs-MBP" name="company.EmpSearchTalentByEverything" tests="1" failures="0" timestamp="2021-04-12T12:40:03 WAT" time="46.695" errors="0">
  <testcase name="testEmpSearchTalentByEverything" time="46.695" classname="company.EmpSearchTalentByEverything"/>
  <system-out/>
</testsuite> <!-- company.EmpSearchTalentByEverything -->
