<?xml version="1.0" encoding="UTF-8"?>
<!-- Generated by org.testng.reporters.JUnitReportReporter -->
<testsuite skipped="0" hostname="REACH-HARDs-MBP" name="UserAccess.LoginPageElements" tests="1" failures="0" timestamp="2021-02-14T20:08:21 WAT" time="15.079" errors="0">
  <testcase name="testLoginElements" time="15.079" classname="UserAccess.LoginPageElements"/>
  <system-out/>
</testsuite> <!-- UserAccess.LoginPageElements -->
