<?xml version="1.0" encoding="UTF-8"?>
<!-- Generated by org.testng.reporters.JUnitReportReporter -->
<testsuite skipped="0" hostname="REACH-HARDs-MBP" name="company.EmpShortlistPosition" tests="1" failures="0" timestamp="2021-03-17T07:59:23 WAT" time="52.157" errors="0">
  <testcase name="testEmpShortlistPosition" time="52.157" classname="company.EmpShortlistPosition"/>
  <system-out/>
</testsuite> <!-- company.EmpShortlistPosition -->
