<?xml version="1.0" encoding="UTF-8"?>
<!-- Generated by org.testng.reporters.JUnitReportReporter -->
<testsuite skipped="0" hostname="REACH-HARDs-MacBook-Pro.local" name="UserAccess.ProfileMenuOptions" tests="1" failures="0" timestamp="2020-10-19T10:01:29 WAT" time="59.992" errors="0">
  <testcase name="testProfileMenuOptions" time="59.992" classname="UserAccess.ProfileMenuOptions"/>
  <system-out/>
</testsuite> <!-- UserAccess.ProfileMenuOptions -->
