<?xml version="1.0" encoding="UTF-8"?>
<!-- Generated by org.testng.reporters.JUnitReportReporter -->
<testsuite skipped="0" hostname="REACH-HARDs-MacBook-Pro.local" name="provider.FilterConsultation" tests="1" failures="0" timestamp="2020-08-03T20:09:46 WAT" time="13.780" errors="0">
  <testcase name="testUpdateConsultationDetails" time="13.780" classname="provider.FilterConsultation"/>
  <system-out/>
</testsuite> <!-- provider.FilterConsultation -->
