<?xml version="1.0" encoding="UTF-8"?>
<!-- Generated by org.testng.reporters.JUnitReportReporter -->
<testsuite skipped="0" hostname="REACH-HARDs-MacBook-Pro.local" name="provider.ProviderProfile" tests="1" failures="0" timestamp="2020-08-26T15:08:50 WAT" time="22.122" errors="0">
  <testcase name="testProfile" time="22.122" classname="provider.ProviderProfile"/>
  <system-out/>
</testsuite> <!-- provider.ProviderProfile -->
