<?xml version="1.0" encoding="UTF-8"?>
<!-- Generated by org.testng.reporters.JUnitReportReporter -->
<testsuite skipped="0" hostname="REACH-HARDs-MBP" name="university.UniversityDashboardMenuDropdown" tests="1" failures="0" timestamp="2021-03-22T08:45:11 WAT" time="25.292" errors="0">
  <testcase name="testUniversityDashboardMenuDropdown" time="25.292" classname="university.UniversityDashboardMenuDropdown"/>
  <system-out/>
</testsuite> <!-- university.UniversityDashboardMenuDropdown -->
