<?xml version="1.0" encoding="UTF-8"?>
<!-- Generated by org.testng.reporters.JUnitReportReporter -->
<testsuite skipped="0" hostname="REACH-HARDs-MBP" name="students.StudentsInvalidJobSearch" tests="1" failures="0" timestamp="2021-03-22T08:12:29 WAT" time="29.520" errors="0">
  <testcase name="testStudentsInvalidJobSearch" time="29.520" classname="students.StudentsInvalidJobSearch"/>
  <system-out/>
</testsuite> <!-- students.StudentsInvalidJobSearch -->
