<?xml version="1.0" encoding="UTF-8"?>
<!-- Generated by org.testng.reporters.JUnitReportReporter -->
<testsuite skipped="0" hostname="REACH-HARDs-MacBook-Pro.local" name="pharmacy.Logout" tests="1" failures="0" timestamp="2020-08-14T10:14:03 WAT" time="2.677" errors="0">
  <testcase name="testOrdersHomepage" time="2.677" classname="pharmacy.Logout"/>
  <system-out/>
</testsuite> <!-- pharmacy.Logout -->
