<?xml version="1.0" encoding="UTF-8"?>
<!-- Generated by org.testng.reporters.JUnitReportReporter -->
<testsuite skipped="0" hostname="REACH-HARDs-MBP" name="students.StudentViewJobApplicationDetails" tests="1" failures="0" timestamp="2021-03-22T08:17:31 WAT" time="30.902" errors="0">
  <testcase name="testStudentViewJobApplicationDetails" time="30.902" classname="students.StudentViewJobApplicationDetails"/>
  <system-out/>
</testsuite> <!-- students.StudentViewJobApplicationDetails -->
