<?xml version="1.0" encoding="UTF-8"?>
<!-- Generated by org.testng.reporters.JUnitReportReporter -->
<testsuite skipped="0" hostname="REACH-HARDs-MacBook-Pro.local" name="university.ViewEventDetails" tests="1" failures="0" timestamp="2021-03-01T10:05:17 WAT" time="63.002" errors="0">
  <testcase name="testViewEventDetails" time="63.002" classname="university.ViewEventDetails"/>
  <system-out/>
</testsuite> <!-- university.ViewEventDetails -->
