<?xml version="1.0" encoding="UTF-8"?>
<!-- Generated by org.testng.reporters.JUnitReportReporter -->
<testsuite skipped="0" hostname="REACH-HARDs-MacBook-Pro.local" name="orders.ProductCartDetails" tests="1" failures="0" timestamp="2020-10-19T10:01:29 WAT" time="57.676" errors="0">
  <testcase name="testProductCartDetails" time="57.676" classname="orders.ProductCartDetails"/>
  <system-out/>
</testsuite> <!-- orders.ProductCartDetails -->
