<?xml version="1.0" encoding="UTF-8"?>
<!-- Generated by org.testng.reporters.JUnitReportReporter -->
<testsuite skipped="0" hostname="REACH-HARDs-MacBook-Pro.local" name="laboratory.FilterOrders" tests="1" failures="0" timestamp="2020-08-05T16:17:34 WAT" time="565.729" errors="0">
  <testcase name="OrdersHomepage" time="565.729" classname="laboratory.FilterOrders"/>
  <system-out/>
</testsuite> <!-- laboratory.FilterOrders -->
