<?xml version="1.0" encoding="UTF-8"?>
<!-- Generated by org.testng.reporters.JUnitReportReporter -->
<testsuite skipped="0" hostname="REACH-HARDs-MBP" name="students.StudentAboutPage" tests="1" failures="0" timestamp="2021-03-17T08:32:30 WAT" time="17.124" errors="0">
  <testcase name="testLoginElements" time="17.124" classname="students.StudentAboutPage"/>
  <system-out/>
</testsuite> <!-- students.StudentAboutPage -->
