<?xml version="1.0" encoding="UTF-8"?>
<!-- Generated by org.testng.reporters.JUnitReportReporter -->
<testsuite skipped="0" hostname="REACH-HARDs-MacBook-Pro.local" name="pharmacy.PharmaProfile" tests="1" failures="0" timestamp="2020-08-14T12:16:07 WAT" time="2.701" errors="0">
  <testcase name="testOrdersHomepage" time="2.701" classname="pharmacy.PharmaProfile"/>
  <system-out/>
</testsuite> <!-- pharmacy.PharmaProfile -->
