<?xml version="1.0" encoding="UTF-8"?>
<!-- Generated by org.testng.reporters.JUnitReportReporter -->
<testsuite skipped="0" hostname="REACH-HARDs-MBP" name="university.UniViewStudentProfie" tests="1" failures="0" timestamp="2021-02-16T13:32:43 WAT" time="47.081" errors="0">
  <testcase name="testUniViewStudentProfie" time="47.081" classname="university.UniViewStudentProfie"/>
  <system-out/>
</testsuite> <!-- university.UniViewStudentProfie -->
