<?xml version="1.0" encoding="UTF-8"?>
<!-- Generated by org.testng.reporters.JUnitReportReporter -->
<testsuite skipped="0" hostname="REACH-HARDs-MacBook-Pro.local" name="pharmacy.OrdersHomepage" tests="1" failures="0" timestamp="2020-08-13T17:32:09 WAT" time="1.248" errors="0">
  <testcase name="testOrdersHomepage" time="1.248" classname="pharmacy.OrdersHomepage"/>
  <system-out/>
</testsuite> <!-- pharmacy.OrdersHomepage -->
