<?xml version="1.0" encoding="UTF-8"?>
<!-- Generated by org.testng.reporters.JUnitReportReporter -->
<testsuite skipped="0" hostname="REACH-HARDs-MBP" name="company.EmpSearchTalentByName" tests="1" failures="0" timestamp="2021-04-12T15:20:54 WAT" time="44.910" errors="0">
  <testcase name="testEmpSearchTalentByName" time="44.910" classname="company.EmpSearchTalentByName"/>
  <system-out/>
</testsuite> <!-- company.EmpSearchTalentByName -->
