<?xml version="1.0" encoding="UTF-8"?>
<!-- Generated by org.testng.reporters.JUnitReportReporter -->
<testsuite skipped="0" hostname="REACH-HARDs-MacBook-Pro.local" name="company.EmpProfileDropdownMenu" tests="1" failures="0" timestamp="2021-04-12T11:44:45 WAT" time="37.513" errors="0">
  <testcase name="testEmpProfileDropdownMenu" time="37.513" classname="company.EmpProfileDropdownMenu"/>
  <system-out/>
</testsuite> <!-- company.EmpProfileDropdownMenu -->
