<?xml version="1.0" encoding="UTF-8"?>
<!-- Generated by org.testng.reporters.JUnitReportReporter -->
<testsuite skipped="0" hostname="REACH-HARDs-MacBook-Pro.local" name="provider.UpdateConsultationDetails" tests="1" failures="0" timestamp="2020-07-27T12:53:27 WAT" time="67.239" errors="0">
  <testcase name="testUpdateConsultationDetails" time="67.239" classname="provider.UpdateConsultationDetails"/>
  <system-out/>
</testsuite> <!-- provider.UpdateConsultationDetails -->
