<?xml version="1.0" encoding="UTF-8"?>
<!-- Generated by org.testng.reporters.JUnitReportReporter -->
<testsuite skipped="0" hostname="REACH-HARDs-MBP" name="students.StudentsApplyJobNoCV" tests="1" failures="0" timestamp="2021-04-12T09:55:33 WAT" time="22.129" errors="0">
  <testcase name="testStudentsApplyJobNoCV" time="22.129" classname="students.StudentsApplyJobNoCV"/>
  <system-out/>
</testsuite> <!-- students.StudentsApplyJobNoCV -->
