<?xml version="1.0" encoding="UTF-8"?>
<!-- Generated by org.testng.reporters.JUnitReportReporter -->
<testsuite skipped="0" hostname="WN-HQ-LT-DEV-42" name="flights.LocalFlightWithoutAddons" tests="1" failures="0" timestamp="03 Jun 2019 15:42:51 GMT" time="72.946" errors="0">
  <testcase name="testlocalflight" time="72.946" classname="flights.LocalFlightWithoutAddons"/>
</testsuite> <!-- flights.LocalFlightWithoutAddons -->
